[2024-12-13T21:57:50.741+0000] {taskinstance.py:1103} INFO - Dependencies all met for dep_context=non-requeueable deps ti=<TaskInstance: etl_premierleague_to_analisis.transfer_phil_foden_logs manual__2024-12-13T21:56:42.352606+00:00 [queued]>
[2024-12-13T21:57:50.859+0000] {taskinstance.py:1103} INFO - Dependencies all met for dep_context=requeueable deps ti=<TaskInstance: etl_premierleague_to_analisis.transfer_phil_foden_logs manual__2024-12-13T21:56:42.352606+00:00 [queued]>
[2024-12-13T21:57:50.863+0000] {taskinstance.py:1308} INFO - Starting attempt 2 of 2
[2024-12-13T21:57:51.063+0000] {taskinstance.py:1327} INFO - Executing <Task(PythonOperator): transfer_phil_foden_logs> on 2024-12-13 21:56:42.352606+00:00
[2024-12-13T21:57:51.137+0000] {standard_task_runner.py:57} INFO - Started process 66686 to run task
[2024-12-13T21:57:51.186+0000] {standard_task_runner.py:84} INFO - Running: ['***', 'tasks', 'run', 'etl_premierleague_to_analisis', 'transfer_phil_foden_logs', 'manual__2024-12-13T21:56:42.352606+00:00', '--job-id', '238', '--raw', '--subdir', 'DAGS_FOLDER/etl_premierleague_to_analisis.py', '--cfg-path', '/tmp/tmpepu8d6k2']
[2024-12-13T21:57:51.217+0000] {standard_task_runner.py:85} INFO - Job 238: Subtask transfer_phil_foden_logs
[2024-12-13T21:57:52.167+0000] {task_command.py:410} INFO - Running <TaskInstance: etl_premierleague_to_analisis.transfer_phil_foden_logs manual__2024-12-13T21:56:42.352606+00:00 [running]> on host 653f470dc9b4
[2024-12-13T21:57:53.003+0000] {taskinstance.py:1545} INFO - Exporting env vars: AIRFLOW_CTX_DAG_OWNER='***' AIRFLOW_CTX_DAG_ID='etl_premierleague_to_analisis' AIRFLOW_CTX_TASK_ID='transfer_phil_foden_logs' AIRFLOW_CTX_EXECUTION_DATE='2024-12-13T21:56:42.352606+00:00' AIRFLOW_CTX_TRY_NUMBER='2' AIRFLOW_CTX_DAG_RUN_ID='manual__2024-12-13T21:56:42.352606+00:00'
[2024-12-13T21:57:53.070+0000] {base.py:73} INFO - Using connection ID 'shared_postgres' for task execution.
[2024-12-13T21:57:53.110+0000] {sql.py:375} INFO - Running statement: SELECT match_id, player_id, minutes_played, goals, assists, shots, shots_on_target, tackles, interceptions, passes_completed, xg, xa FROM premierleague.public.phil_foden_logs, parameters: None
[2024-12-13T21:57:53.113+0000] {taskinstance.py:1824} ERROR - Task failed with exception
Traceback (most recent call last):
  File "/home/airflow/.local/lib/python3.8/site-packages/airflow/operators/python.py", line 181, in execute
    return_value = self.execute_callable()
  File "/home/airflow/.local/lib/python3.8/site-packages/airflow/operators/python.py", line 198, in execute_callable
    return self.python_callable(*self.op_args, **self.op_kwargs)
  File "/opt/airflow/dags/etl_premierleague_to_analisis.py", line 21, in transfer_table_in_same_connection
    source_data = db_hook.get_records(source_query)
  File "/home/airflow/.local/lib/python3.8/site-packages/airflow/providers/common/sql/hooks/sql.py", line 235, in get_records
    return self.run(sql=sql, parameters=parameters, handler=fetch_all_handler)
  File "/home/airflow/.local/lib/python3.8/site-packages/airflow/providers/common/sql/hooks/sql.py", line 349, in run
    self._run_command(cur, sql_statement, parameters)
  File "/home/airflow/.local/lib/python3.8/site-packages/airflow/providers/common/sql/hooks/sql.py", line 380, in _run_command
    cur.execute(sql_statement)
psycopg2.errors.UndefinedColumn: column "match_id" does not exist
LINE 1: SELECT match_id, player_id, minutes_played, goals, assists, ...
               ^

[2024-12-13T21:57:53.151+0000] {taskinstance.py:1345} INFO - Marking task as FAILED. dag_id=etl_premierleague_to_analisis, task_id=transfer_phil_foden_logs, execution_date=20241213T215642, start_date=20241213T215750, end_date=20241213T215753
[2024-12-13T21:57:53.185+0000] {standard_task_runner.py:104} ERROR - Failed to execute job 238 for task transfer_phil_foden_logs (column "match_id" does not exist
LINE 1: SELECT match_id, player_id, minutes_played, goals, assists, ...
               ^
; 66686)
[2024-12-13T21:57:53.223+0000] {local_task_job_runner.py:225} INFO - Task exited with return code 1
[2024-12-13T21:57:53.405+0000] {taskinstance.py:2653} INFO - 0 downstream tasks scheduled from follow-on schedule check
