[2024-12-17T02:50:56.911+0000] {taskinstance.py:1103} INFO - Dependencies all met for dep_context=non-requeueable deps ti=<TaskInstance: arsenal_mancity_etl.arsenal_etl_group.etl_arsenal_task manual__2024-12-17T02:50:53.985068+00:00 [queued]>
[2024-12-17T02:50:56.919+0000] {taskinstance.py:1103} INFO - Dependencies all met for dep_context=requeueable deps ti=<TaskInstance: arsenal_mancity_etl.arsenal_etl_group.etl_arsenal_task manual__2024-12-17T02:50:53.985068+00:00 [queued]>
[2024-12-17T02:50:56.920+0000] {taskinstance.py:1308} INFO - Starting attempt 1 of 2
[2024-12-17T02:50:56.937+0000] {taskinstance.py:1327} INFO - Executing <Task(PythonOperator): arsenal_etl_group.etl_arsenal_task> on 2024-12-17 02:50:53.985068+00:00
[2024-12-17T02:50:56.947+0000] {standard_task_runner.py:57} INFO - Started process 75220 to run task
[2024-12-17T02:50:56.950+0000] {standard_task_runner.py:84} INFO - Running: ['***', 'tasks', 'run', 'arsenal_mancity_etl', 'arsenal_etl_group.etl_arsenal_task', 'manual__2024-12-17T02:50:53.985068+00:00', '--job-id', '315', '--raw', '--subdir', 'DAGS_FOLDER/arsenal_mancity_etl.py', '--cfg-path', '/tmp/tmp6qmz1700']
[2024-12-17T02:50:56.953+0000] {standard_task_runner.py:85} INFO - Job 315: Subtask arsenal_etl_group.etl_arsenal_task
[2024-12-17T02:50:56.995+0000] {task_command.py:410} INFO - Running <TaskInstance: arsenal_mancity_etl.arsenal_etl_group.etl_arsenal_task manual__2024-12-17T02:50:53.985068+00:00 [running]> on host 653f470dc9b4
[2024-12-17T02:50:57.067+0000] {taskinstance.py:1545} INFO - Exporting env vars: AIRFLOW_CTX_DAG_OWNER='***' AIRFLOW_CTX_DAG_ID='arsenal_mancity_etl' AIRFLOW_CTX_TASK_ID='arsenal_etl_group.etl_arsenal_task' AIRFLOW_CTX_EXECUTION_DATE='2024-12-17T02:50:53.985068+00:00' AIRFLOW_CTX_TRY_NUMBER='1' AIRFLOW_CTX_DAG_RUN_ID='manual__2024-12-17T02:50:53.985068+00:00'
[2024-12-17T02:50:57.729+0000] {logging_mixin.py:149} INFO - Processing file: ben_white_match_logs_2023_2024.json
[2024-12-17T02:50:57.730+0000] {logging_mixin.py:149} INFO - Columns in DataFrame: ['', 'header_performance', 'header_expected', 'header_sca', 'header_passes', 'header_carries', 'header_take_ons', 'date', 'dayofweek', 'comp', 'round', 'venue', 'result', 'team', 'opponent', 'game_started', 'position', 'minutes', 'goals', 'assists', 'pens_made', 'pens_att', 'shots', 'shots_on_target', 'cards_yellow', 'cards_red', 'touches', 'tackles', 'interceptions', 'blocks', 'xg', 'npxg', 'xg_assist', 'sca', 'gca', 'passes_completed', 'passes', 'passes_pct', 'progressive_passes', 'carries', 'progressive_carries', 'take_ons', 'take_ons_won', 'match_report']
[2024-12-17T02:50:57.734+0000] {logging_mixin.py:149} INFO - Warning: Missing columns ['goals_scored', 'goals_conceded']. File will be skipped.
[2024-12-17T02:50:57.753+0000] {logging_mixin.py:149} INFO - Processing file: bukayo_saka_match_logs_2023_2024.json
[2024-12-17T02:50:57.753+0000] {logging_mixin.py:149} INFO - Columns in DataFrame: ['', 'header_performance', 'header_expected', 'header_sca', 'header_passes', 'header_carries', 'header_take_ons', 'date', 'dayofweek', 'comp', 'round', 'venue', 'result', 'team', 'opponent', 'game_started', 'position', 'minutes', 'goals', 'assists', 'pens_made', 'pens_att', 'shots', 'shots_on_target', 'cards_yellow', 'cards_red', 'touches', 'tackles', 'interceptions', 'blocks', 'xg', 'npxg', 'xg_assist', 'sca', 'gca', 'passes_completed', 'passes', 'passes_pct', 'progressive_passes', 'carries', 'progressive_carries', 'take_ons', 'take_ons_won', 'match_report']
[2024-12-17T02:50:57.754+0000] {logging_mixin.py:149} INFO - Warning: Missing columns ['goals_scored', 'goals_conceded']. File will be skipped.
[2024-12-17T02:50:57.769+0000] {logging_mixin.py:149} INFO - Processing file: david_raya_match_logs_2023_2024.json
[2024-12-17T02:50:57.769+0000] {logging_mixin.py:149} INFO - Columns in DataFrame: ['', 'header_performance', 'header_pk', 'header_passes_launched', 'header_passes', 'header_goal_kicks', 'header_crosses_gk', 'header_sweeper', 'date', 'dayofweek', 'comp', 'round', 'venue', 'result', 'team', 'opponent', 'game_started', 'position', 'minutes', 'gk_shots_on_target_against', 'gk_goals_against', 'gk_saves', 'gk_save_pct', 'gk_clean_sheets', 'gk_psxg', 'gk_pens_att', 'gk_pens_allowed', 'gk_pens_saved', 'gk_pens_missed', 'gk_passes_completed_launched', 'gk_passes_launched', 'gk_passes_pct_launched', 'gk_passes', 'gk_passes_throws', 'gk_pct_passes_launched', 'gk_passes_length_avg', 'gk_goal_kicks', 'gk_pct_goal_kicks_launched', 'gk_goal_kick_length_avg', 'gk_crosses', 'gk_crosses_stopped', 'gk_crosses_stopped_pct', 'gk_def_actions_outside_pen_area', 'gk_avg_distance_def_actions', 'match_report']
[2024-12-17T02:50:57.770+0000] {logging_mixin.py:149} INFO - Warning: Missing columns ['goals_scored', 'goals_conceded']. File will be skipped.
[2024-12-17T02:50:57.791+0000] {logging_mixin.py:149} INFO - Processing file: declan_rice_match_logs_2023_2024.json
[2024-12-17T02:50:57.791+0000] {logging_mixin.py:149} INFO - Columns in DataFrame: ['', 'header_performance', 'header_expected', 'header_sca', 'header_passes', 'header_carries', 'header_take_ons', 'date', 'dayofweek', 'comp', 'round', 'venue', 'result', 'team', 'opponent', 'game_started', 'position', 'minutes', 'goals', 'assists', 'pens_made', 'pens_att', 'shots', 'shots_on_target', 'cards_yellow', 'cards_red', 'touches', 'tackles', 'interceptions', 'blocks', 'xg', 'npxg', 'xg_assist', 'sca', 'gca', 'passes_completed', 'passes', 'passes_pct', 'progressive_passes', 'carries', 'progressive_carries', 'take_ons', 'take_ons_won', 'match_report']
[2024-12-17T02:50:57.792+0000] {logging_mixin.py:149} INFO - Warning: Missing columns ['goals_scored', 'goals_conceded']. File will be skipped.
[2024-12-17T02:50:57.811+0000] {logging_mixin.py:149} INFO - Processing file: gabriel_magalhaes_match_logs_2023_2024.json
[2024-12-17T02:50:57.811+0000] {logging_mixin.py:149} INFO - Columns in DataFrame: ['', 'header_performance', 'header_expected', 'header_sca', 'header_passes', 'header_carries', 'header_take_ons', 'date', 'dayofweek', 'comp', 'round', 'venue', 'result', 'team', 'opponent', 'game_started', 'position', 'minutes', 'goals', 'assists', 'pens_made', 'pens_att', 'shots', 'shots_on_target', 'cards_yellow', 'cards_red', 'touches', 'tackles', 'interceptions', 'blocks', 'xg', 'npxg', 'xg_assist', 'sca', 'gca', 'passes_completed', 'passes', 'passes_pct', 'progressive_passes', 'carries', 'progressive_carries', 'take_ons', 'take_ons_won', 'match_report']
[2024-12-17T02:50:57.812+0000] {logging_mixin.py:149} INFO - Warning: Missing columns ['goals_scored', 'goals_conceded']. File will be skipped.
[2024-12-17T02:50:57.834+0000] {logging_mixin.py:149} INFO - Processing file: gabriel_martinelli_match_logs_2023_2024.json
[2024-12-17T02:50:57.836+0000] {logging_mixin.py:149} INFO - Columns in DataFrame: ['', 'header_performance', 'header_expected', 'header_sca', 'header_passes', 'header_carries', 'header_take_ons', 'date', 'dayofweek', 'comp', 'round', 'venue', 'result', 'team', 'opponent', 'game_started', 'position', 'minutes', 'goals', 'assists', 'pens_made', 'pens_att', 'shots', 'shots_on_target', 'cards_yellow', 'cards_red', 'touches', 'tackles', 'interceptions', 'blocks', 'xg', 'npxg', 'xg_assist', 'sca', 'gca', 'passes_completed', 'passes', 'passes_pct', 'progressive_passes', 'carries', 'progressive_carries', 'take_ons', 'take_ons_won', 'match_report']
[2024-12-17T02:50:57.836+0000] {logging_mixin.py:149} INFO - Warning: Missing columns ['goals_scored', 'goals_conceded']. File will be skipped.
[2024-12-17T02:50:57.853+0000] {logging_mixin.py:149} INFO - Processing file: kai_havertz_match_logs_2023_2024.json
[2024-12-17T02:50:57.854+0000] {logging_mixin.py:149} INFO - Columns in DataFrame: ['', 'header_performance', 'header_expected', 'header_sca', 'header_passes', 'header_carries', 'header_take_ons', 'date', 'dayofweek', 'comp', 'round', 'venue', 'result', 'team', 'opponent', 'game_started', 'position', 'minutes', 'goals', 'assists', 'pens_made', 'pens_att', 'shots', 'shots_on_target', 'cards_yellow', 'cards_red', 'touches', 'tackles', 'interceptions', 'blocks', 'xg', 'npxg', 'xg_assist', 'sca', 'gca', 'passes_completed', 'passes', 'passes_pct', 'progressive_passes', 'carries', 'progressive_carries', 'take_ons', 'take_ons_won', 'match_report']
[2024-12-17T02:50:57.855+0000] {logging_mixin.py:149} INFO - Warning: Missing columns ['goals_scored', 'goals_conceded']. File will be skipped.
[2024-12-17T02:50:57.871+0000] {logging_mixin.py:149} INFO - Processing file: martin_odegaard_match_logs_2023_2024.json
[2024-12-17T02:50:57.871+0000] {logging_mixin.py:149} INFO - Columns in DataFrame: ['', 'header_performance', 'header_expected', 'header_sca', 'header_passes', 'header_carries', 'header_take_ons', 'date', 'dayofweek', 'comp', 'round', 'venue', 'result', 'team', 'opponent', 'game_started', 'position', 'minutes', 'goals', 'assists', 'pens_made', 'pens_att', 'shots', 'shots_on_target', 'cards_yellow', 'cards_red', 'touches', 'tackles', 'interceptions', 'blocks', 'xg', 'npxg', 'xg_assist', 'sca', 'gca', 'passes_completed', 'passes', 'passes_pct', 'progressive_passes', 'carries', 'progressive_carries', 'take_ons', 'take_ons_won', 'match_report']
[2024-12-17T02:50:57.875+0000] {logging_mixin.py:149} INFO - Warning: Missing columns ['goals_scored', 'goals_conceded']. File will be skipped.
[2024-12-17T02:50:57.898+0000] {logging_mixin.py:149} INFO - Processing file: oleksandr_zinchenko_match_logs_2023_2024.json
[2024-12-17T02:50:57.899+0000] {logging_mixin.py:149} INFO - Columns in DataFrame: ['', 'header_performance', 'header_expected', 'header_sca', 'header_passes', 'header_carries', 'header_take_ons', 'date', 'dayofweek', 'comp', 'round', 'venue', 'result', 'team', 'opponent', 'game_started', 'position', 'minutes', 'goals', 'assists', 'pens_made', 'pens_att', 'shots', 'shots_on_target', 'cards_yellow', 'cards_red', 'touches', 'tackles', 'interceptions', 'blocks', 'xg', 'npxg', 'xg_assist', 'sca', 'gca', 'passes_completed', 'passes', 'passes_pct', 'progressive_passes', 'carries', 'progressive_carries', 'take_ons', 'take_ons_won', 'match_report']
[2024-12-17T02:50:57.901+0000] {logging_mixin.py:149} INFO - Warning: Missing columns ['goals_scored', 'goals_conceded']. File will be skipped.
[2024-12-17T02:50:57.924+0000] {logging_mixin.py:149} INFO - Processing file: thomas_partey_match_logs_2023_2024.json
[2024-12-17T02:50:57.925+0000] {logging_mixin.py:149} INFO - Columns in DataFrame: ['', 'header_performance', 'header_expected', 'header_sca', 'header_passes', 'header_carries', 'header_take_ons', 'date', 'dayofweek', 'comp', 'round', 'venue', 'result', 'team', 'opponent', 'game_started', 'position', 'minutes', 'goals', 'assists', 'pens_made', 'pens_att', 'shots', 'shots_on_target', 'cards_yellow', 'cards_red', 'touches', 'tackles', 'interceptions', 'blocks', 'xg', 'npxg', 'xg_assist', 'sca', 'gca', 'passes_completed', 'passes', 'passes_pct', 'progressive_passes', 'carries', 'progressive_carries', 'take_ons', 'take_ons_won', 'match_report']
[2024-12-17T02:50:57.926+0000] {logging_mixin.py:149} INFO - Warning: Missing columns ['goals_scored', 'goals_conceded']. File will be skipped.
[2024-12-17T02:50:57.948+0000] {logging_mixin.py:149} INFO - Processing file: william_saliba_match_logs_2023_2024.json
[2024-12-17T02:50:57.949+0000] {logging_mixin.py:149} INFO - Columns in DataFrame: ['', 'header_performance', 'header_expected', 'header_sca', 'header_passes', 'header_carries', 'header_take_ons', 'date', 'dayofweek', 'comp', 'round', 'venue', 'result', 'team', 'opponent', 'game_started', 'position', 'minutes', 'goals', 'assists', 'pens_made', 'pens_att', 'shots', 'shots_on_target', 'cards_yellow', 'cards_red', 'touches', 'tackles', 'interceptions', 'blocks', 'xg', 'npxg', 'xg_assist', 'sca', 'gca', 'passes_completed', 'passes', 'passes_pct', 'progressive_passes', 'carries', 'progressive_carries', 'take_ons', 'take_ons_won', 'match_report']
[2024-12-17T02:50:57.949+0000] {logging_mixin.py:149} INFO - Warning: Missing columns ['goals_scored', 'goals_conceded']. File will be skipped.
[2024-12-17T02:50:57.950+0000] {logging_mixin.py:149} INFO - No match data to process.
[2024-12-17T02:50:57.950+0000] {logging_mixin.py:149} INFO - No player stats data to process.
[2024-12-17T02:50:57.950+0000] {logging_mixin.py:149} INFO - No goalkeeper stats data to process.
[2024-12-17T02:50:57.950+0000] {logging_mixin.py:149} INFO - ETL Arsenal selesai.
[2024-12-17T02:50:57.950+0000] {python.py:183} INFO - Done. Returned value was: None
[2024-12-17T02:50:58.133+0000] {taskinstance.py:1345} INFO - Marking task as SUCCESS. dag_id=arsenal_mancity_etl, task_id=arsenal_etl_group.etl_arsenal_task, execution_date=20241217T025053, start_date=20241217T025056, end_date=20241217T025058
[2024-12-17T02:50:58.226+0000] {local_task_job_runner.py:225} INFO - Task exited with return code 0
[2024-12-17T02:50:58.318+0000] {taskinstance.py:2653} INFO - 0 downstream tasks scheduled from follow-on schedule check
