[2024-12-13T22:01:10.042+0000] {taskinstance.py:1103} INFO - Dependencies all met for dep_context=non-requeueable deps ti=<TaskInstance: etl_premierleague_to_analisis.transfer_erling_haaland_logs manual__2024-12-13T22:00:52.675197+00:00 [queued]>
[2024-12-13T22:01:10.201+0000] {taskinstance.py:1103} INFO - Dependencies all met for dep_context=requeueable deps ti=<TaskInstance: etl_premierleague_to_analisis.transfer_erling_haaland_logs manual__2024-12-13T22:00:52.675197+00:00 [queued]>
[2024-12-13T22:01:10.221+0000] {taskinstance.py:1308} INFO - Starting attempt 1 of 2
[2024-12-13T22:01:11.031+0000] {taskinstance.py:1327} INFO - Executing <Task(PythonOperator): transfer_erling_haaland_logs> on 2024-12-13 22:00:52.675197+00:00
[2024-12-13T22:01:11.163+0000] {standard_task_runner.py:57} INFO - Started process 67906 to run task
[2024-12-13T22:01:11.216+0000] {standard_task_runner.py:84} INFO - Running: ['***', 'tasks', 'run', 'etl_premierleague_to_analisis', 'transfer_erling_haaland_logs', 'manual__2024-12-13T22:00:52.675197+00:00', '--job-id', '251', '--raw', '--subdir', 'DAGS_FOLDER/etl_premierleague_to_analisis.py', '--cfg-path', '/tmp/tmp8am4z7ea']
[2024-12-13T22:01:11.258+0000] {standard_task_runner.py:85} INFO - Job 251: Subtask transfer_erling_haaland_logs
[2024-12-13T22:01:13.042+0000] {task_command.py:410} INFO - Running <TaskInstance: etl_premierleague_to_analisis.transfer_erling_haaland_logs manual__2024-12-13T22:00:52.675197+00:00 [running]> on host 653f470dc9b4
[2024-12-13T22:01:14.590+0000] {taskinstance.py:1545} INFO - Exporting env vars: AIRFLOW_CTX_DAG_OWNER='***' AIRFLOW_CTX_DAG_ID='etl_premierleague_to_analisis' AIRFLOW_CTX_TASK_ID='transfer_erling_haaland_logs' AIRFLOW_CTX_EXECUTION_DATE='2024-12-13T22:00:52.675197+00:00' AIRFLOW_CTX_TRY_NUMBER='1' AIRFLOW_CTX_DAG_RUN_ID='manual__2024-12-13T22:00:52.675197+00:00'
[2024-12-13T22:01:14.829+0000] {base.py:73} INFO - Using connection ID 'shared_postgres' for task execution.
[2024-12-13T22:01:15.153+0000] {sql.py:375} INFO - Running statement: SELECT  FROM premierleague.public.erling_haaland_logs, parameters: None
[2024-12-13T22:01:15.267+0000] {taskinstance.py:1824} ERROR - Task failed with exception
Traceback (most recent call last):
  File "/home/airflow/.local/lib/python3.8/site-packages/airflow/operators/python.py", line 181, in execute
    return_value = self.execute_callable()
  File "/home/airflow/.local/lib/python3.8/site-packages/airflow/operators/python.py", line 198, in execute_callable
    return self.python_callable(*self.op_args, **self.op_kwargs)
  File "/opt/airflow/dags/etl_premierleague_to_analisis.py", line 35, in transfer_table_in_same_connection
    source_data = db_hook.get_records(source_query)
  File "/home/airflow/.local/lib/python3.8/site-packages/airflow/providers/common/sql/hooks/sql.py", line 235, in get_records
    return self.run(sql=sql, parameters=parameters, handler=fetch_all_handler)
  File "/home/airflow/.local/lib/python3.8/site-packages/airflow/providers/common/sql/hooks/sql.py", line 349, in run
    self._run_command(cur, sql_statement, parameters)
  File "/home/airflow/.local/lib/python3.8/site-packages/airflow/providers/common/sql/hooks/sql.py", line 380, in _run_command
    cur.execute(sql_statement)
psycopg2.errors.UndefinedTable: relation "public.erling_haaland_logs" does not exist
LINE 1: SELECT  FROM premierleague.public.erling_haaland_logs
                     ^

[2024-12-13T22:01:15.542+0000] {taskinstance.py:1345} INFO - Marking task as UP_FOR_RETRY. dag_id=etl_premierleague_to_analisis, task_id=transfer_erling_haaland_logs, execution_date=20241213T220052, start_date=20241213T220110, end_date=20241213T220115
[2024-12-13T22:01:15.860+0000] {standard_task_runner.py:104} ERROR - Failed to execute job 251 for task transfer_erling_haaland_logs (relation "public.erling_haaland_logs" does not exist
LINE 1: SELECT  FROM premierleague.public.erling_haaland_logs
                     ^
; 67906)
[2024-12-13T22:01:15.972+0000] {local_task_job_runner.py:225} INFO - Task exited with return code 1
[2024-12-13T22:01:16.524+0000] {taskinstance.py:2653} INFO - 0 downstream tasks scheduled from follow-on schedule check
