[2024-12-17T06:26:35.274+0000] {taskinstance.py:1103} INFO - Dependencies all met for dep_context=non-requeueable deps ti=<TaskInstance: arsenal_mancity_etl.mancity_etl_group.etl_mancity_task manual__2024-12-17T06:26:30.893306+00:00 [queued]>
[2024-12-17T06:26:35.279+0000] {taskinstance.py:1103} INFO - Dependencies all met for dep_context=requeueable deps ti=<TaskInstance: arsenal_mancity_etl.mancity_etl_group.etl_mancity_task manual__2024-12-17T06:26:30.893306+00:00 [queued]>
[2024-12-17T06:26:35.279+0000] {taskinstance.py:1308} INFO - Starting attempt 1 of 2
[2024-12-17T06:26:35.285+0000] {taskinstance.py:1327} INFO - Executing <Task(PythonOperator): mancity_etl_group.etl_mancity_task> on 2024-12-17 06:26:30.893306+00:00
[2024-12-17T06:26:35.290+0000] {standard_task_runner.py:57} INFO - Started process 8763 to run task
[2024-12-17T06:26:35.293+0000] {standard_task_runner.py:84} INFO - Running: ['***', 'tasks', 'run', 'arsenal_mancity_etl', 'mancity_etl_group.etl_mancity_task', 'manual__2024-12-17T06:26:30.893306+00:00', '--job-id', '348', '--raw', '--subdir', 'DAGS_FOLDER/arsenal_mancity_etl.py', '--cfg-path', '/tmp/tmp9glgsge8']
[2024-12-17T06:26:35.295+0000] {standard_task_runner.py:85} INFO - Job 348: Subtask mancity_etl_group.etl_mancity_task
[2024-12-17T06:26:35.346+0000] {task_command.py:410} INFO - Running <TaskInstance: arsenal_mancity_etl.mancity_etl_group.etl_mancity_task manual__2024-12-17T06:26:30.893306+00:00 [running]> on host 653f470dc9b4
[2024-12-17T06:26:35.484+0000] {taskinstance.py:1545} INFO - Exporting env vars: AIRFLOW_CTX_DAG_OWNER='***' AIRFLOW_CTX_DAG_ID='arsenal_mancity_etl' AIRFLOW_CTX_TASK_ID='mancity_etl_group.etl_mancity_task' AIRFLOW_CTX_EXECUTION_DATE='2024-12-17T06:26:30.893306+00:00' AIRFLOW_CTX_TRY_NUMBER='1' AIRFLOW_CTX_DAG_RUN_ID='manual__2024-12-17T06:26:30.893306+00:00'
[2024-12-17T06:26:35.732+0000] {logging_mixin.py:149} INFO - Processing file: ederson_match_logs_2023_2024.json
[2024-12-17T06:26:35.733+0000] {logging_mixin.py:149} INFO - Warning: Column goals_scored is missing. Filling with default value 0.
[2024-12-17T06:26:35.733+0000] {logging_mixin.py:149} INFO - Warning: Column goals_conceded is missing. Filling with default value 0.
[2024-12-17T06:26:35.735+0000] {logging_mixin.py:149} INFO - Error processing file ederson_match_logs_2023_2024.json: "['minutes_played', 'goals', 'assists'] not in index"
[2024-12-17T06:26:35.753+0000] {logging_mixin.py:149} INFO - Processing file: erling_haaland_match_logs_2023_2024.json
[2024-12-17T06:26:35.756+0000] {logging_mixin.py:149} INFO - Warning: Column goals_scored is missing. Filling with default value 0.
[2024-12-17T06:26:35.757+0000] {logging_mixin.py:149} INFO - Warning: Column goals_conceded is missing. Filling with default value 0.
[2024-12-17T06:26:35.759+0000] {logging_mixin.py:149} INFO - Error processing file erling_haaland_match_logs_2023_2024.json: "['minutes_played'] not in index"
[2024-12-17T06:26:35.759+0000] {logging_mixin.py:149} INFO - ETL pipeline for bucket mancity-data completed.
[2024-12-17T06:26:35.760+0000] {python.py:183} INFO - Done. Returned value was: None
[2024-12-17T06:26:35.773+0000] {taskinstance.py:1345} INFO - Marking task as SUCCESS. dag_id=arsenal_mancity_etl, task_id=mancity_etl_group.etl_mancity_task, execution_date=20241217T062630, start_date=20241217T062635, end_date=20241217T062635
[2024-12-17T06:26:35.815+0000] {local_task_job_runner.py:225} INFO - Task exited with return code 0
[2024-12-17T06:26:35.836+0000] {taskinstance.py:2653} INFO - 0 downstream tasks scheduled from follow-on schedule check
