[2024-12-13T22:29:56.452+0000] {processor.py:157} INFO - Started process (PID=78841) to work on /opt/airflow/dags/etl_minio_to_postgres.py
[2024-12-13T22:29:56.454+0000] {processor.py:826} INFO - Processing file /opt/airflow/dags/etl_minio_to_postgres.py for tasks to queue
[2024-12-13T22:29:56.455+0000] {logging_mixin.py:149} INFO - [2024-12-13T22:29:56.455+0000] {dagbag.py:541} INFO - Filling up the DagBag from /opt/airflow/dags/etl_minio_to_postgres.py
[2024-12-13T22:29:56.613+0000] {processor.py:836} INFO - DAG(s) dict_keys(['etl_minio_to_postgres']) retrieved from /opt/airflow/dags/etl_minio_to_postgres.py
[2024-12-13T22:29:56.756+0000] {logging_mixin.py:149} INFO - [2024-12-13T22:29:56.756+0000] {dag.py:2726} INFO - Sync 1 DAGs
[2024-12-13T22:29:56.774+0000] {logging_mixin.py:149} INFO - [2024-12-13T22:29:56.774+0000] {dag.py:3486} INFO - Setting next_dagrun for etl_minio_to_postgres to None, run_after=None
[2024-12-13T22:29:56.801+0000] {processor.py:179} INFO - Processing /opt/airflow/dags/etl_minio_to_postgres.py took 0.366 seconds
[2024-12-13T22:30:27.132+0000] {processor.py:157} INFO - Started process (PID=79041) to work on /opt/airflow/dags/etl_minio_to_postgres.py
[2024-12-13T22:30:27.134+0000] {processor.py:826} INFO - Processing file /opt/airflow/dags/etl_minio_to_postgres.py for tasks to queue
[2024-12-13T22:30:27.135+0000] {logging_mixin.py:149} INFO - [2024-12-13T22:30:27.135+0000] {dagbag.py:541} INFO - Filling up the DagBag from /opt/airflow/dags/etl_minio_to_postgres.py
[2024-12-13T22:30:27.206+0000] {processor.py:836} INFO - DAG(s) dict_keys(['etl_minio_to_postgres']) retrieved from /opt/airflow/dags/etl_minio_to_postgres.py
[2024-12-13T22:30:27.227+0000] {logging_mixin.py:149} INFO - [2024-12-13T22:30:27.227+0000] {dag.py:2726} INFO - Sync 1 DAGs
[2024-12-13T22:30:27.240+0000] {logging_mixin.py:149} INFO - [2024-12-13T22:30:27.240+0000] {dag.py:3486} INFO - Setting next_dagrun for etl_minio_to_postgres to None, run_after=None
[2024-12-13T22:30:27.248+0000] {processor.py:179} INFO - Processing /opt/airflow/dags/etl_minio_to_postgres.py took 0.123 seconds
[2024-12-13T22:30:56.965+0000] {processor.py:157} INFO - Started process (PID=79228) to work on /opt/airflow/dags/etl_minio_to_postgres.py
[2024-12-13T22:30:56.968+0000] {processor.py:826} INFO - Processing file /opt/airflow/dags/etl_minio_to_postgres.py for tasks to queue
[2024-12-13T22:30:56.971+0000] {logging_mixin.py:149} INFO - [2024-12-13T22:30:56.970+0000] {dagbag.py:541} INFO - Filling up the DagBag from /opt/airflow/dags/etl_minio_to_postgres.py
[2024-12-13T22:30:57.128+0000] {processor.py:836} INFO - DAG(s) dict_keys(['etl_minio_to_postgres']) retrieved from /opt/airflow/dags/etl_minio_to_postgres.py
[2024-12-13T22:30:57.180+0000] {logging_mixin.py:149} INFO - [2024-12-13T22:30:57.179+0000] {dag.py:2726} INFO - Sync 1 DAGs
[2024-12-13T22:30:57.218+0000] {logging_mixin.py:149} INFO - [2024-12-13T22:30:57.217+0000] {dag.py:3486} INFO - Setting next_dagrun for etl_minio_to_postgres to None, run_after=None
[2024-12-13T22:30:57.235+0000] {processor.py:179} INFO - Processing /opt/airflow/dags/etl_minio_to_postgres.py took 0.289 seconds
[2024-12-13T22:31:27.373+0000] {processor.py:157} INFO - Started process (PID=79428) to work on /opt/airflow/dags/etl_minio_to_postgres.py
[2024-12-13T22:31:27.375+0000] {processor.py:826} INFO - Processing file /opt/airflow/dags/etl_minio_to_postgres.py for tasks to queue
[2024-12-13T22:31:27.375+0000] {logging_mixin.py:149} INFO - [2024-12-13T22:31:27.375+0000] {dagbag.py:541} INFO - Filling up the DagBag from /opt/airflow/dags/etl_minio_to_postgres.py
[2024-12-13T22:31:27.434+0000] {processor.py:836} INFO - DAG(s) dict_keys(['etl_minio_to_postgres']) retrieved from /opt/airflow/dags/etl_minio_to_postgres.py
[2024-12-13T22:31:27.464+0000] {logging_mixin.py:149} INFO - [2024-12-13T22:31:27.464+0000] {dag.py:2726} INFO - Sync 1 DAGs
[2024-12-13T22:31:27.493+0000] {logging_mixin.py:149} INFO - [2024-12-13T22:31:27.493+0000] {dag.py:3486} INFO - Setting next_dagrun for etl_minio_to_postgres to None, run_after=None
[2024-12-13T22:31:27.506+0000] {processor.py:179} INFO - Processing /opt/airflow/dags/etl_minio_to_postgres.py took 0.137 seconds
[2024-12-13T22:31:57.652+0000] {processor.py:157} INFO - Started process (PID=79604) to work on /opt/airflow/dags/etl_minio_to_postgres.py
[2024-12-13T22:31:57.653+0000] {processor.py:826} INFO - Processing file /opt/airflow/dags/etl_minio_to_postgres.py for tasks to queue
[2024-12-13T22:31:57.653+0000] {logging_mixin.py:149} INFO - [2024-12-13T22:31:57.653+0000] {dagbag.py:541} INFO - Filling up the DagBag from /opt/airflow/dags/etl_minio_to_postgres.py
[2024-12-13T22:31:57.788+0000] {processor.py:836} INFO - DAG(s) dict_keys(['etl_minio_to_postgres']) retrieved from /opt/airflow/dags/etl_minio_to_postgres.py
[2024-12-13T22:31:57.817+0000] {logging_mixin.py:149} INFO - [2024-12-13T22:31:57.817+0000] {dag.py:2726} INFO - Sync 1 DAGs
[2024-12-13T22:31:57.837+0000] {logging_mixin.py:149} INFO - [2024-12-13T22:31:57.837+0000] {dag.py:3486} INFO - Setting next_dagrun for etl_minio_to_postgres to None, run_after=None
[2024-12-13T22:31:57.852+0000] {processor.py:179} INFO - Processing /opt/airflow/dags/etl_minio_to_postgres.py took 0.204 seconds
[2024-12-13T22:32:28.483+0000] {processor.py:157} INFO - Started process (PID=79791) to work on /opt/airflow/dags/etl_minio_to_postgres.py
[2024-12-13T22:32:28.484+0000] {processor.py:826} INFO - Processing file /opt/airflow/dags/etl_minio_to_postgres.py for tasks to queue
[2024-12-13T22:32:28.485+0000] {logging_mixin.py:149} INFO - [2024-12-13T22:32:28.485+0000] {dagbag.py:541} INFO - Filling up the DagBag from /opt/airflow/dags/etl_minio_to_postgres.py
[2024-12-13T22:32:28.623+0000] {processor.py:836} INFO - DAG(s) dict_keys(['etl_minio_to_postgres']) retrieved from /opt/airflow/dags/etl_minio_to_postgres.py
[2024-12-13T22:32:28.656+0000] {logging_mixin.py:149} INFO - [2024-12-13T22:32:28.655+0000] {dag.py:2726} INFO - Sync 1 DAGs
[2024-12-13T22:32:28.698+0000] {logging_mixin.py:149} INFO - [2024-12-13T22:32:28.698+0000] {dag.py:3486} INFO - Setting next_dagrun for etl_minio_to_postgres to None, run_after=None
[2024-12-13T22:32:28.758+0000] {processor.py:179} INFO - Processing /opt/airflow/dags/etl_minio_to_postgres.py took 0.278 seconds
[2024-12-13T22:33:00.453+0000] {processor.py:157} INFO - Started process (PID=79989) to work on /opt/airflow/dags/etl_minio_to_postgres.py
[2024-12-13T22:33:00.455+0000] {processor.py:826} INFO - Processing file /opt/airflow/dags/etl_minio_to_postgres.py for tasks to queue
[2024-12-13T22:33:00.456+0000] {logging_mixin.py:149} INFO - [2024-12-13T22:33:00.456+0000] {dagbag.py:541} INFO - Filling up the DagBag from /opt/airflow/dags/etl_minio_to_postgres.py
[2024-12-13T22:33:00.613+0000] {processor.py:836} INFO - DAG(s) dict_keys(['etl_minio_to_postgres']) retrieved from /opt/airflow/dags/etl_minio_to_postgres.py
[2024-12-13T22:33:00.648+0000] {logging_mixin.py:149} INFO - [2024-12-13T22:33:00.648+0000] {dag.py:2726} INFO - Sync 1 DAGs
[2024-12-13T22:33:00.672+0000] {logging_mixin.py:149} INFO - [2024-12-13T22:33:00.672+0000] {dag.py:3486} INFO - Setting next_dagrun for etl_minio_to_postgres to None, run_after=None
[2024-12-13T22:33:00.717+0000] {processor.py:179} INFO - Processing /opt/airflow/dags/etl_minio_to_postgres.py took 0.269 seconds
[2024-12-13T22:33:30.879+0000] {processor.py:157} INFO - Started process (PID=80191) to work on /opt/airflow/dags/etl_minio_to_postgres.py
[2024-12-13T22:33:30.880+0000] {processor.py:826} INFO - Processing file /opt/airflow/dags/etl_minio_to_postgres.py for tasks to queue
[2024-12-13T22:33:30.881+0000] {logging_mixin.py:149} INFO - [2024-12-13T22:33:30.881+0000] {dagbag.py:541} INFO - Filling up the DagBag from /opt/airflow/dags/etl_minio_to_postgres.py
[2024-12-13T22:33:30.926+0000] {processor.py:836} INFO - DAG(s) dict_keys(['etl_minio_to_postgres']) retrieved from /opt/airflow/dags/etl_minio_to_postgres.py
[2024-12-13T22:33:30.944+0000] {logging_mixin.py:149} INFO - [2024-12-13T22:33:30.944+0000] {dag.py:2726} INFO - Sync 1 DAGs
[2024-12-13T22:33:30.956+0000] {logging_mixin.py:149} INFO - [2024-12-13T22:33:30.956+0000] {dag.py:3486} INFO - Setting next_dagrun for etl_minio_to_postgres to None, run_after=None
[2024-12-13T22:33:30.965+0000] {processor.py:179} INFO - Processing /opt/airflow/dags/etl_minio_to_postgres.py took 0.088 seconds
[2024-12-13T22:34:01.163+0000] {processor.py:157} INFO - Started process (PID=80378) to work on /opt/airflow/dags/etl_minio_to_postgres.py
[2024-12-13T22:34:01.163+0000] {processor.py:826} INFO - Processing file /opt/airflow/dags/etl_minio_to_postgres.py for tasks to queue
[2024-12-13T22:34:01.164+0000] {logging_mixin.py:149} INFO - [2024-12-13T22:34:01.164+0000] {dagbag.py:541} INFO - Filling up the DagBag from /opt/airflow/dags/etl_minio_to_postgres.py
[2024-12-13T22:34:01.213+0000] {processor.py:836} INFO - DAG(s) dict_keys(['etl_minio_to_postgres']) retrieved from /opt/airflow/dags/etl_minio_to_postgres.py
[2024-12-13T22:34:01.231+0000] {logging_mixin.py:149} INFO - [2024-12-13T22:34:01.231+0000] {dag.py:2726} INFO - Sync 1 DAGs
[2024-12-13T22:34:01.243+0000] {logging_mixin.py:149} INFO - [2024-12-13T22:34:01.243+0000] {dag.py:3486} INFO - Setting next_dagrun for etl_minio_to_postgres to None, run_after=None
[2024-12-13T22:34:01.252+0000] {processor.py:179} INFO - Processing /opt/airflow/dags/etl_minio_to_postgres.py took 0.091 seconds
[2024-12-13T22:34:31.947+0000] {processor.py:157} INFO - Started process (PID=80552) to work on /opt/airflow/dags/etl_minio_to_postgres.py
[2024-12-13T22:34:31.950+0000] {processor.py:826} INFO - Processing file /opt/airflow/dags/etl_minio_to_postgres.py for tasks to queue
[2024-12-13T22:34:31.951+0000] {logging_mixin.py:149} INFO - [2024-12-13T22:34:31.951+0000] {dagbag.py:541} INFO - Filling up the DagBag from /opt/airflow/dags/etl_minio_to_postgres.py
[2024-12-13T22:34:32.090+0000] {processor.py:836} INFO - DAG(s) dict_keys(['etl_minio_to_postgres']) retrieved from /opt/airflow/dags/etl_minio_to_postgres.py
[2024-12-13T22:34:32.143+0000] {logging_mixin.py:149} INFO - [2024-12-13T22:34:32.143+0000] {dag.py:2726} INFO - Sync 1 DAGs
[2024-12-13T22:34:32.172+0000] {logging_mixin.py:149} INFO - [2024-12-13T22:34:32.172+0000] {dag.py:3486} INFO - Setting next_dagrun for etl_minio_to_postgres to None, run_after=None
[2024-12-13T22:34:32.193+0000] {processor.py:179} INFO - Processing /opt/airflow/dags/etl_minio_to_postgres.py took 0.253 seconds
[2024-12-13T22:35:02.639+0000] {processor.py:157} INFO - Started process (PID=80752) to work on /opt/airflow/dags/etl_minio_to_postgres.py
[2024-12-13T22:35:02.641+0000] {processor.py:826} INFO - Processing file /opt/airflow/dags/etl_minio_to_postgres.py for tasks to queue
[2024-12-13T22:35:02.641+0000] {logging_mixin.py:149} INFO - [2024-12-13T22:35:02.641+0000] {dagbag.py:541} INFO - Filling up the DagBag from /opt/airflow/dags/etl_minio_to_postgres.py
[2024-12-13T22:35:02.799+0000] {processor.py:836} INFO - DAG(s) dict_keys(['etl_minio_to_postgres']) retrieved from /opt/airflow/dags/etl_minio_to_postgres.py
[2024-12-13T22:35:02.827+0000] {logging_mixin.py:149} INFO - [2024-12-13T22:35:02.826+0000] {dag.py:2726} INFO - Sync 1 DAGs
[2024-12-13T22:35:02.847+0000] {logging_mixin.py:149} INFO - [2024-12-13T22:35:02.846+0000] {dag.py:3486} INFO - Setting next_dagrun for etl_minio_to_postgres to None, run_after=None
[2024-12-13T22:35:02.858+0000] {processor.py:179} INFO - Processing /opt/airflow/dags/etl_minio_to_postgres.py took 0.224 seconds
[2024-12-13T22:35:33.959+0000] {processor.py:157} INFO - Started process (PID=80952) to work on /opt/airflow/dags/etl_minio_to_postgres.py
[2024-12-13T22:35:33.961+0000] {processor.py:826} INFO - Processing file /opt/airflow/dags/etl_minio_to_postgres.py for tasks to queue
[2024-12-13T22:35:33.962+0000] {logging_mixin.py:149} INFO - [2024-12-13T22:35:33.962+0000] {dagbag.py:541} INFO - Filling up the DagBag from /opt/airflow/dags/etl_minio_to_postgres.py
[2024-12-13T22:35:34.172+0000] {processor.py:836} INFO - DAG(s) dict_keys(['etl_minio_to_postgres']) retrieved from /opt/airflow/dags/etl_minio_to_postgres.py
[2024-12-13T22:35:34.257+0000] {logging_mixin.py:149} INFO - [2024-12-13T22:35:34.256+0000] {dag.py:2726} INFO - Sync 1 DAGs
[2024-12-13T22:35:34.308+0000] {logging_mixin.py:149} INFO - [2024-12-13T22:35:34.308+0000] {dag.py:3486} INFO - Setting next_dagrun for etl_minio_to_postgres to None, run_after=None
[2024-12-13T22:35:34.331+0000] {processor.py:179} INFO - Processing /opt/airflow/dags/etl_minio_to_postgres.py took 0.381 seconds
[2024-12-13T22:36:04.404+0000] {processor.py:157} INFO - Started process (PID=81152) to work on /opt/airflow/dags/etl_minio_to_postgres.py
[2024-12-13T22:36:04.406+0000] {processor.py:826} INFO - Processing file /opt/airflow/dags/etl_minio_to_postgres.py for tasks to queue
[2024-12-13T22:36:04.407+0000] {logging_mixin.py:149} INFO - [2024-12-13T22:36:04.407+0000] {dagbag.py:541} INFO - Filling up the DagBag from /opt/airflow/dags/etl_minio_to_postgres.py
[2024-12-13T22:36:04.459+0000] {processor.py:836} INFO - DAG(s) dict_keys(['etl_minio_to_postgres']) retrieved from /opt/airflow/dags/etl_minio_to_postgres.py
[2024-12-13T22:36:04.477+0000] {logging_mixin.py:149} INFO - [2024-12-13T22:36:04.477+0000] {dag.py:2726} INFO - Sync 1 DAGs
[2024-12-13T22:36:04.489+0000] {logging_mixin.py:149} INFO - [2024-12-13T22:36:04.489+0000] {dag.py:3486} INFO - Setting next_dagrun for etl_minio_to_postgres to None, run_after=None
[2024-12-13T22:36:04.498+0000] {processor.py:179} INFO - Processing /opt/airflow/dags/etl_minio_to_postgres.py took 0.096 seconds
[2024-12-13T22:36:34.588+0000] {processor.py:157} INFO - Started process (PID=81352) to work on /opt/airflow/dags/etl_minio_to_postgres.py
[2024-12-13T22:36:34.588+0000] {processor.py:826} INFO - Processing file /opt/airflow/dags/etl_minio_to_postgres.py for tasks to queue
[2024-12-13T22:36:34.589+0000] {logging_mixin.py:149} INFO - [2024-12-13T22:36:34.589+0000] {dagbag.py:541} INFO - Filling up the DagBag from /opt/airflow/dags/etl_minio_to_postgres.py
[2024-12-13T22:36:34.660+0000] {processor.py:836} INFO - DAG(s) dict_keys(['etl_minio_to_postgres']) retrieved from /opt/airflow/dags/etl_minio_to_postgres.py
[2024-12-13T22:36:34.687+0000] {logging_mixin.py:149} INFO - [2024-12-13T22:36:34.687+0000] {dag.py:2726} INFO - Sync 1 DAGs
[2024-12-13T22:36:34.702+0000] {logging_mixin.py:149} INFO - [2024-12-13T22:36:34.702+0000] {dag.py:3486} INFO - Setting next_dagrun for etl_minio_to_postgres to None, run_after=None
[2024-12-13T22:36:34.713+0000] {processor.py:179} INFO - Processing /opt/airflow/dags/etl_minio_to_postgres.py took 0.128 seconds
[2024-12-13T22:37:06.468+0000] {processor.py:157} INFO - Started process (PID=81550) to work on /opt/airflow/dags/etl_minio_to_postgres.py
[2024-12-13T22:37:06.469+0000] {processor.py:826} INFO - Processing file /opt/airflow/dags/etl_minio_to_postgres.py for tasks to queue
[2024-12-13T22:37:06.470+0000] {logging_mixin.py:149} INFO - [2024-12-13T22:37:06.470+0000] {dagbag.py:541} INFO - Filling up the DagBag from /opt/airflow/dags/etl_minio_to_postgres.py
[2024-12-13T22:37:06.533+0000] {processor.py:836} INFO - DAG(s) dict_keys(['etl_minio_to_postgres']) retrieved from /opt/airflow/dags/etl_minio_to_postgres.py
[2024-12-13T22:37:06.577+0000] {logging_mixin.py:149} INFO - [2024-12-13T22:37:06.577+0000] {dag.py:2726} INFO - Sync 1 DAGs
[2024-12-13T22:37:06.589+0000] {logging_mixin.py:149} INFO - [2024-12-13T22:37:06.589+0000] {dag.py:3486} INFO - Setting next_dagrun for etl_minio_to_postgres to None, run_after=None
[2024-12-13T22:37:06.597+0000] {processor.py:179} INFO - Processing /opt/airflow/dags/etl_minio_to_postgres.py took 0.132 seconds
[2024-12-13T22:37:37.141+0000] {processor.py:157} INFO - Started process (PID=81739) to work on /opt/airflow/dags/etl_minio_to_postgres.py
[2024-12-13T22:37:37.144+0000] {processor.py:826} INFO - Processing file /opt/airflow/dags/etl_minio_to_postgres.py for tasks to queue
[2024-12-13T22:37:37.145+0000] {logging_mixin.py:149} INFO - [2024-12-13T22:37:37.145+0000] {dagbag.py:541} INFO - Filling up the DagBag from /opt/airflow/dags/etl_minio_to_postgres.py
[2024-12-13T22:37:37.255+0000] {processor.py:836} INFO - DAG(s) dict_keys(['etl_minio_to_postgres']) retrieved from /opt/airflow/dags/etl_minio_to_postgres.py
[2024-12-13T22:37:37.288+0000] {logging_mixin.py:149} INFO - [2024-12-13T22:37:37.288+0000] {dag.py:2726} INFO - Sync 1 DAGs
[2024-12-13T22:37:37.305+0000] {logging_mixin.py:149} INFO - [2024-12-13T22:37:37.305+0000] {dag.py:3486} INFO - Setting next_dagrun for etl_minio_to_postgres to None, run_after=None
[2024-12-13T22:37:37.318+0000] {processor.py:179} INFO - Processing /opt/airflow/dags/etl_minio_to_postgres.py took 0.181 seconds
[2024-12-13T22:38:08.074+0000] {processor.py:157} INFO - Started process (PID=81939) to work on /opt/airflow/dags/etl_minio_to_postgres.py
[2024-12-13T22:38:08.076+0000] {processor.py:826} INFO - Processing file /opt/airflow/dags/etl_minio_to_postgres.py for tasks to queue
[2024-12-13T22:38:08.077+0000] {logging_mixin.py:149} INFO - [2024-12-13T22:38:08.077+0000] {dagbag.py:541} INFO - Filling up the DagBag from /opt/airflow/dags/etl_minio_to_postgres.py
[2024-12-13T22:38:08.213+0000] {processor.py:836} INFO - DAG(s) dict_keys(['etl_minio_to_postgres']) retrieved from /opt/airflow/dags/etl_minio_to_postgres.py
[2024-12-13T22:38:08.240+0000] {logging_mixin.py:149} INFO - [2024-12-13T22:38:08.240+0000] {dag.py:2726} INFO - Sync 1 DAGs
[2024-12-13T22:38:08.256+0000] {logging_mixin.py:149} INFO - [2024-12-13T22:38:08.255+0000] {dag.py:3486} INFO - Setting next_dagrun for etl_minio_to_postgres to None, run_after=None
[2024-12-13T22:38:08.265+0000] {processor.py:179} INFO - Processing /opt/airflow/dags/etl_minio_to_postgres.py took 0.199 seconds
[2024-12-13T22:38:38.410+0000] {processor.py:157} INFO - Started process (PID=82139) to work on /opt/airflow/dags/etl_minio_to_postgres.py
[2024-12-13T22:38:38.411+0000] {processor.py:826} INFO - Processing file /opt/airflow/dags/etl_minio_to_postgres.py for tasks to queue
[2024-12-13T22:38:38.412+0000] {logging_mixin.py:149} INFO - [2024-12-13T22:38:38.412+0000] {dagbag.py:541} INFO - Filling up the DagBag from /opt/airflow/dags/etl_minio_to_postgres.py
[2024-12-13T22:38:38.455+0000] {processor.py:836} INFO - DAG(s) dict_keys(['etl_minio_to_postgres']) retrieved from /opt/airflow/dags/etl_minio_to_postgres.py
[2024-12-13T22:38:38.473+0000] {logging_mixin.py:149} INFO - [2024-12-13T22:38:38.473+0000] {dag.py:2726} INFO - Sync 1 DAGs
[2024-12-13T22:38:38.484+0000] {logging_mixin.py:149} INFO - [2024-12-13T22:38:38.484+0000] {dag.py:3486} INFO - Setting next_dagrun for etl_minio_to_postgres to None, run_after=None
[2024-12-13T22:38:38.492+0000] {processor.py:179} INFO - Processing /opt/airflow/dags/etl_minio_to_postgres.py took 0.085 seconds
[2024-12-13T22:39:08.715+0000] {processor.py:157} INFO - Started process (PID=82324) to work on /opt/airflow/dags/etl_minio_to_postgres.py
[2024-12-13T22:39:08.716+0000] {processor.py:826} INFO - Processing file /opt/airflow/dags/etl_minio_to_postgres.py for tasks to queue
[2024-12-13T22:39:08.717+0000] {logging_mixin.py:149} INFO - [2024-12-13T22:39:08.717+0000] {dagbag.py:541} INFO - Filling up the DagBag from /opt/airflow/dags/etl_minio_to_postgres.py
[2024-12-13T22:39:08.775+0000] {processor.py:836} INFO - DAG(s) dict_keys(['etl_minio_to_postgres']) retrieved from /opt/airflow/dags/etl_minio_to_postgres.py
[2024-12-13T22:39:08.797+0000] {logging_mixin.py:149} INFO - [2024-12-13T22:39:08.797+0000] {dag.py:2726} INFO - Sync 1 DAGs
[2024-12-13T22:39:08.810+0000] {logging_mixin.py:149} INFO - [2024-12-13T22:39:08.810+0000] {dag.py:3486} INFO - Setting next_dagrun for etl_minio_to_postgres to None, run_after=None
[2024-12-13T22:39:08.825+0000] {processor.py:179} INFO - Processing /opt/airflow/dags/etl_minio_to_postgres.py took 0.112 seconds
[2024-12-13T22:39:39.374+0000] {processor.py:157} INFO - Started process (PID=82500) to work on /opt/airflow/dags/etl_minio_to_postgres.py
[2024-12-13T22:39:39.378+0000] {processor.py:826} INFO - Processing file /opt/airflow/dags/etl_minio_to_postgres.py for tasks to queue
[2024-12-13T22:39:39.380+0000] {logging_mixin.py:149} INFO - [2024-12-13T22:39:39.380+0000] {dagbag.py:541} INFO - Filling up the DagBag from /opt/airflow/dags/etl_minio_to_postgres.py
[2024-12-13T22:39:39.486+0000] {processor.py:836} INFO - DAG(s) dict_keys(['etl_minio_to_postgres']) retrieved from /opt/airflow/dags/etl_minio_to_postgres.py
[2024-12-13T22:39:39.588+0000] {logging_mixin.py:149} INFO - [2024-12-13T22:39:39.588+0000] {dag.py:2726} INFO - Sync 1 DAGs
[2024-12-13T22:39:39.623+0000] {logging_mixin.py:149} INFO - [2024-12-13T22:39:39.622+0000] {dag.py:3486} INFO - Setting next_dagrun for etl_minio_to_postgres to None, run_after=None
[2024-12-13T22:39:39.645+0000] {processor.py:179} INFO - Processing /opt/airflow/dags/etl_minio_to_postgres.py took 0.291 seconds
[2024-12-13T22:40:09.926+0000] {processor.py:157} INFO - Started process (PID=82700) to work on /opt/airflow/dags/etl_minio_to_postgres.py
[2024-12-13T22:40:09.929+0000] {processor.py:826} INFO - Processing file /opt/airflow/dags/etl_minio_to_postgres.py for tasks to queue
[2024-12-13T22:40:09.931+0000] {logging_mixin.py:149} INFO - [2024-12-13T22:40:09.930+0000] {dagbag.py:541} INFO - Filling up the DagBag from /opt/airflow/dags/etl_minio_to_postgres.py
[2024-12-13T22:40:10.062+0000] {processor.py:836} INFO - DAG(s) dict_keys(['etl_minio_to_postgres']) retrieved from /opt/airflow/dags/etl_minio_to_postgres.py
[2024-12-13T22:40:10.105+0000] {logging_mixin.py:149} INFO - [2024-12-13T22:40:10.105+0000] {dag.py:2726} INFO - Sync 1 DAGs
[2024-12-13T22:40:10.124+0000] {logging_mixin.py:149} INFO - [2024-12-13T22:40:10.124+0000] {dag.py:3486} INFO - Setting next_dagrun for etl_minio_to_postgres to None, run_after=None
[2024-12-13T22:40:10.136+0000] {processor.py:179} INFO - Processing /opt/airflow/dags/etl_minio_to_postgres.py took 0.219 seconds
[2024-12-13T22:40:40.309+0000] {processor.py:157} INFO - Started process (PID=82900) to work on /opt/airflow/dags/etl_minio_to_postgres.py
[2024-12-13T22:40:40.313+0000] {processor.py:826} INFO - Processing file /opt/airflow/dags/etl_minio_to_postgres.py for tasks to queue
[2024-12-13T22:40:40.314+0000] {logging_mixin.py:149} INFO - [2024-12-13T22:40:40.314+0000] {dagbag.py:541} INFO - Filling up the DagBag from /opt/airflow/dags/etl_minio_to_postgres.py
[2024-12-13T22:40:40.441+0000] {processor.py:836} INFO - DAG(s) dict_keys(['etl_minio_to_postgres']) retrieved from /opt/airflow/dags/etl_minio_to_postgres.py
[2024-12-13T22:40:40.483+0000] {logging_mixin.py:149} INFO - [2024-12-13T22:40:40.483+0000] {dag.py:2726} INFO - Sync 1 DAGs
[2024-12-13T22:40:40.509+0000] {logging_mixin.py:149} INFO - [2024-12-13T22:40:40.509+0000] {dag.py:3486} INFO - Setting next_dagrun for etl_minio_to_postgres to None, run_after=None
[2024-12-13T22:40:40.522+0000] {processor.py:179} INFO - Processing /opt/airflow/dags/etl_minio_to_postgres.py took 0.222 seconds
[2024-12-13T22:41:11.117+0000] {processor.py:157} INFO - Started process (PID=83100) to work on /opt/airflow/dags/etl_minio_to_postgres.py
[2024-12-13T22:41:11.124+0000] {processor.py:826} INFO - Processing file /opt/airflow/dags/etl_minio_to_postgres.py for tasks to queue
[2024-12-13T22:41:11.125+0000] {logging_mixin.py:149} INFO - [2024-12-13T22:41:11.125+0000] {dagbag.py:541} INFO - Filling up the DagBag from /opt/airflow/dags/etl_minio_to_postgres.py
[2024-12-13T22:41:11.344+0000] {processor.py:836} INFO - DAG(s) dict_keys(['etl_minio_to_postgres']) retrieved from /opt/airflow/dags/etl_minio_to_postgres.py
[2024-12-13T22:41:11.394+0000] {logging_mixin.py:149} INFO - [2024-12-13T22:41:11.394+0000] {dag.py:2726} INFO - Sync 1 DAGs
[2024-12-13T22:41:11.414+0000] {logging_mixin.py:149} INFO - [2024-12-13T22:41:11.414+0000] {dag.py:3486} INFO - Setting next_dagrun for etl_minio_to_postgres to None, run_after=None
[2024-12-13T22:41:11.433+0000] {processor.py:179} INFO - Processing /opt/airflow/dags/etl_minio_to_postgres.py took 0.326 seconds
[2024-12-13T22:41:41.635+0000] {processor.py:157} INFO - Started process (PID=83300) to work on /opt/airflow/dags/etl_minio_to_postgres.py
[2024-12-13T22:41:41.637+0000] {processor.py:826} INFO - Processing file /opt/airflow/dags/etl_minio_to_postgres.py for tasks to queue
[2024-12-13T22:41:41.638+0000] {logging_mixin.py:149} INFO - [2024-12-13T22:41:41.638+0000] {dagbag.py:541} INFO - Filling up the DagBag from /opt/airflow/dags/etl_minio_to_postgres.py
[2024-12-13T22:41:41.748+0000] {processor.py:836} INFO - DAG(s) dict_keys(['etl_minio_to_postgres']) retrieved from /opt/airflow/dags/etl_minio_to_postgres.py
[2024-12-13T22:41:41.799+0000] {logging_mixin.py:149} INFO - [2024-12-13T22:41:41.799+0000] {dag.py:2726} INFO - Sync 1 DAGs
[2024-12-13T22:41:41.819+0000] {logging_mixin.py:149} INFO - [2024-12-13T22:41:41.819+0000] {dag.py:3486} INFO - Setting next_dagrun for etl_minio_to_postgres to None, run_after=None
[2024-12-13T22:41:41.830+0000] {processor.py:179} INFO - Processing /opt/airflow/dags/etl_minio_to_postgres.py took 0.202 seconds
[2024-12-13T22:42:12.166+0000] {processor.py:157} INFO - Started process (PID=83500) to work on /opt/airflow/dags/etl_minio_to_postgres.py
[2024-12-13T22:42:12.169+0000] {processor.py:826} INFO - Processing file /opt/airflow/dags/etl_minio_to_postgres.py for tasks to queue
[2024-12-13T22:42:12.170+0000] {logging_mixin.py:149} INFO - [2024-12-13T22:42:12.170+0000] {dagbag.py:541} INFO - Filling up the DagBag from /opt/airflow/dags/etl_minio_to_postgres.py
[2024-12-13T22:42:12.277+0000] {processor.py:836} INFO - DAG(s) dict_keys(['etl_minio_to_postgres']) retrieved from /opt/airflow/dags/etl_minio_to_postgres.py
[2024-12-13T22:42:12.331+0000] {logging_mixin.py:149} INFO - [2024-12-13T22:42:12.331+0000] {dag.py:2726} INFO - Sync 1 DAGs
[2024-12-13T22:42:12.350+0000] {logging_mixin.py:149} INFO - [2024-12-13T22:42:12.350+0000] {dag.py:3486} INFO - Setting next_dagrun for etl_minio_to_postgres to None, run_after=None
[2024-12-13T22:42:12.370+0000] {processor.py:179} INFO - Processing /opt/airflow/dags/etl_minio_to_postgres.py took 0.213 seconds
[2024-12-13T22:42:42.637+0000] {processor.py:157} INFO - Started process (PID=83700) to work on /opt/airflow/dags/etl_minio_to_postgres.py
[2024-12-13T22:42:42.639+0000] {processor.py:826} INFO - Processing file /opt/airflow/dags/etl_minio_to_postgres.py for tasks to queue
[2024-12-13T22:42:42.640+0000] {logging_mixin.py:149} INFO - [2024-12-13T22:42:42.640+0000] {dagbag.py:541} INFO - Filling up the DagBag from /opt/airflow/dags/etl_minio_to_postgres.py
[2024-12-13T22:42:42.712+0000] {processor.py:836} INFO - DAG(s) dict_keys(['etl_minio_to_postgres']) retrieved from /opt/airflow/dags/etl_minio_to_postgres.py
[2024-12-13T22:42:42.738+0000] {logging_mixin.py:149} INFO - [2024-12-13T22:42:42.738+0000] {dag.py:2726} INFO - Sync 1 DAGs
[2024-12-13T22:42:42.753+0000] {logging_mixin.py:149} INFO - [2024-12-13T22:42:42.753+0000] {dag.py:3486} INFO - Setting next_dagrun for etl_minio_to_postgres to None, run_after=None
[2024-12-13T22:42:42.761+0000] {processor.py:179} INFO - Processing /opt/airflow/dags/etl_minio_to_postgres.py took 0.131 seconds
[2024-12-13T22:43:13.073+0000] {processor.py:157} INFO - Started process (PID=83900) to work on /opt/airflow/dags/etl_minio_to_postgres.py
[2024-12-13T22:43:13.075+0000] {processor.py:826} INFO - Processing file /opt/airflow/dags/etl_minio_to_postgres.py for tasks to queue
[2024-12-13T22:43:13.076+0000] {logging_mixin.py:149} INFO - [2024-12-13T22:43:13.076+0000] {dagbag.py:541} INFO - Filling up the DagBag from /opt/airflow/dags/etl_minio_to_postgres.py
[2024-12-13T22:43:13.185+0000] {processor.py:836} INFO - DAG(s) dict_keys(['etl_minio_to_postgres']) retrieved from /opt/airflow/dags/etl_minio_to_postgres.py
[2024-12-13T22:43:13.236+0000] {logging_mixin.py:149} INFO - [2024-12-13T22:43:13.236+0000] {dag.py:2726} INFO - Sync 1 DAGs
[2024-12-13T22:43:13.256+0000] {logging_mixin.py:149} INFO - [2024-12-13T22:43:13.256+0000] {dag.py:3486} INFO - Setting next_dagrun for etl_minio_to_postgres to None, run_after=None
[2024-12-13T22:43:13.267+0000] {processor.py:179} INFO - Processing /opt/airflow/dags/etl_minio_to_postgres.py took 0.200 seconds
[2024-12-13T22:43:43.922+0000] {processor.py:157} INFO - Started process (PID=84100) to work on /opt/airflow/dags/etl_minio_to_postgres.py
[2024-12-13T22:43:43.925+0000] {processor.py:826} INFO - Processing file /opt/airflow/dags/etl_minio_to_postgres.py for tasks to queue
[2024-12-13T22:43:43.927+0000] {logging_mixin.py:149} INFO - [2024-12-13T22:43:43.927+0000] {dagbag.py:541} INFO - Filling up the DagBag from /opt/airflow/dags/etl_minio_to_postgres.py
[2024-12-13T22:43:44.065+0000] {processor.py:836} INFO - DAG(s) dict_keys(['etl_minio_to_postgres']) retrieved from /opt/airflow/dags/etl_minio_to_postgres.py
[2024-12-13T22:43:44.115+0000] {logging_mixin.py:149} INFO - [2024-12-13T22:43:44.115+0000] {dag.py:2726} INFO - Sync 1 DAGs
[2024-12-13T22:43:44.136+0000] {logging_mixin.py:149} INFO - [2024-12-13T22:43:44.136+0000] {dag.py:3486} INFO - Setting next_dagrun for etl_minio_to_postgres to None, run_after=None
[2024-12-13T22:43:44.148+0000] {processor.py:179} INFO - Processing /opt/airflow/dags/etl_minio_to_postgres.py took 0.234 seconds
[2024-12-13T22:44:14.623+0000] {processor.py:157} INFO - Started process (PID=84300) to work on /opt/airflow/dags/etl_minio_to_postgres.py
[2024-12-13T22:44:14.627+0000] {processor.py:826} INFO - Processing file /opt/airflow/dags/etl_minio_to_postgres.py for tasks to queue
[2024-12-13T22:44:14.630+0000] {logging_mixin.py:149} INFO - [2024-12-13T22:44:14.629+0000] {dagbag.py:541} INFO - Filling up the DagBag from /opt/airflow/dags/etl_minio_to_postgres.py
[2024-12-13T22:44:14.727+0000] {processor.py:836} INFO - DAG(s) dict_keys(['etl_minio_to_postgres']) retrieved from /opt/airflow/dags/etl_minio_to_postgres.py
[2024-12-13T22:44:14.773+0000] {logging_mixin.py:149} INFO - [2024-12-13T22:44:14.773+0000] {dag.py:2726} INFO - Sync 1 DAGs
[2024-12-13T22:44:14.808+0000] {logging_mixin.py:149} INFO - [2024-12-13T22:44:14.808+0000] {dag.py:3486} INFO - Setting next_dagrun for etl_minio_to_postgres to None, run_after=None
[2024-12-13T22:44:14.819+0000] {processor.py:179} INFO - Processing /opt/airflow/dags/etl_minio_to_postgres.py took 0.214 seconds
[2024-12-13T22:44:44.945+0000] {processor.py:157} INFO - Started process (PID=84500) to work on /opt/airflow/dags/etl_minio_to_postgres.py
[2024-12-13T22:44:44.948+0000] {processor.py:826} INFO - Processing file /opt/airflow/dags/etl_minio_to_postgres.py for tasks to queue
[2024-12-13T22:44:44.950+0000] {logging_mixin.py:149} INFO - [2024-12-13T22:44:44.949+0000] {dagbag.py:541} INFO - Filling up the DagBag from /opt/airflow/dags/etl_minio_to_postgres.py
[2024-12-13T22:44:45.062+0000] {processor.py:836} INFO - DAG(s) dict_keys(['etl_minio_to_postgres']) retrieved from /opt/airflow/dags/etl_minio_to_postgres.py
[2024-12-13T22:44:45.118+0000] {logging_mixin.py:149} INFO - [2024-12-13T22:44:45.118+0000] {dag.py:2726} INFO - Sync 1 DAGs
[2024-12-13T22:44:45.137+0000] {logging_mixin.py:149} INFO - [2024-12-13T22:44:45.137+0000] {dag.py:3486} INFO - Setting next_dagrun for etl_minio_to_postgres to None, run_after=None
[2024-12-13T22:44:45.151+0000] {processor.py:179} INFO - Processing /opt/airflow/dags/etl_minio_to_postgres.py took 0.230 seconds
[2024-12-13T22:45:15.727+0000] {processor.py:157} INFO - Started process (PID=84700) to work on /opt/airflow/dags/etl_minio_to_postgres.py
[2024-12-13T22:45:15.729+0000] {processor.py:826} INFO - Processing file /opt/airflow/dags/etl_minio_to_postgres.py for tasks to queue
[2024-12-13T22:45:15.730+0000] {logging_mixin.py:149} INFO - [2024-12-13T22:45:15.730+0000] {dagbag.py:541} INFO - Filling up the DagBag from /opt/airflow/dags/etl_minio_to_postgres.py
[2024-12-13T22:45:15.867+0000] {processor.py:836} INFO - DAG(s) dict_keys(['etl_minio_to_postgres']) retrieved from /opt/airflow/dags/etl_minio_to_postgres.py
[2024-12-13T22:45:15.922+0000] {logging_mixin.py:149} INFO - [2024-12-13T22:45:15.922+0000] {dag.py:2726} INFO - Sync 1 DAGs
[2024-12-13T22:45:15.944+0000] {logging_mixin.py:149} INFO - [2024-12-13T22:45:15.944+0000] {dag.py:3486} INFO - Setting next_dagrun for etl_minio_to_postgres to None, run_after=None
[2024-12-13T22:45:15.956+0000] {processor.py:179} INFO - Processing /opt/airflow/dags/etl_minio_to_postgres.py took 0.236 seconds
[2024-12-13T22:45:46.672+0000] {processor.py:157} INFO - Started process (PID=84900) to work on /opt/airflow/dags/etl_minio_to_postgres.py
[2024-12-13T22:45:46.674+0000] {processor.py:826} INFO - Processing file /opt/airflow/dags/etl_minio_to_postgres.py for tasks to queue
[2024-12-13T22:45:46.675+0000] {logging_mixin.py:149} INFO - [2024-12-13T22:45:46.675+0000] {dagbag.py:541} INFO - Filling up the DagBag from /opt/airflow/dags/etl_minio_to_postgres.py
[2024-12-13T22:45:46.778+0000] {processor.py:836} INFO - DAG(s) dict_keys(['etl_minio_to_postgres']) retrieved from /opt/airflow/dags/etl_minio_to_postgres.py
[2024-12-13T22:45:46.822+0000] {logging_mixin.py:149} INFO - [2024-12-13T22:45:46.821+0000] {dag.py:2726} INFO - Sync 1 DAGs
[2024-12-13T22:45:46.849+0000] {logging_mixin.py:149} INFO - [2024-12-13T22:45:46.849+0000] {dag.py:3486} INFO - Setting next_dagrun for etl_minio_to_postgres to None, run_after=None
[2024-12-13T22:45:46.859+0000] {processor.py:179} INFO - Processing /opt/airflow/dags/etl_minio_to_postgres.py took 0.211 seconds
[2024-12-13T23:01:09.570+0000] {processor.py:157} INFO - Started process (PID=85048) to work on /opt/airflow/dags/etl_minio_to_postgres.py
[2024-12-13T23:01:09.586+0000] {processor.py:826} INFO - Processing file /opt/airflow/dags/etl_minio_to_postgres.py for tasks to queue
[2024-12-13T23:01:09.593+0000] {logging_mixin.py:149} INFO - [2024-12-13T23:01:09.591+0000] {dagbag.py:541} INFO - Filling up the DagBag from /opt/airflow/dags/etl_minio_to_postgres.py
[2024-12-13T23:01:10.260+0000] {processor.py:836} INFO - DAG(s) dict_keys(['etl_minio_to_postgres']) retrieved from /opt/airflow/dags/etl_minio_to_postgres.py
[2024-12-13T23:01:10.837+0000] {logging_mixin.py:149} INFO - [2024-12-13T23:01:10.834+0000] {dag.py:2726} INFO - Sync 1 DAGs
[2024-12-13T23:01:10.946+0000] {logging_mixin.py:149} INFO - [2024-12-13T23:01:10.945+0000] {dag.py:3486} INFO - Setting next_dagrun for etl_minio_to_postgres to None, run_after=None
[2024-12-13T23:01:11.004+0000] {processor.py:179} INFO - Processing /opt/airflow/dags/etl_minio_to_postgres.py took 1.466 seconds
[2024-12-13T23:27:33.601+0000] {processor.py:157} INFO - Started process (PID=85250) to work on /opt/airflow/dags/etl_minio_to_postgres.py
[2024-12-13T23:27:33.604+0000] {processor.py:826} INFO - Processing file /opt/airflow/dags/etl_minio_to_postgres.py for tasks to queue
[2024-12-13T23:27:33.608+0000] {logging_mixin.py:149} INFO - [2024-12-13T23:27:33.608+0000] {dagbag.py:541} INFO - Filling up the DagBag from /opt/airflow/dags/etl_minio_to_postgres.py
[2024-12-13T23:27:33.800+0000] {processor.py:836} INFO - DAG(s) dict_keys(['etl_minio_to_postgres']) retrieved from /opt/airflow/dags/etl_minio_to_postgres.py
[2024-12-13T23:27:34.012+0000] {logging_mixin.py:149} INFO - [2024-12-13T23:27:34.008+0000] {dag.py:2726} INFO - Sync 1 DAGs
[2024-12-13T23:27:34.101+0000] {logging_mixin.py:149} INFO - [2024-12-13T23:27:34.099+0000] {dag.py:3486} INFO - Setting next_dagrun for etl_minio_to_postgres to None, run_after=None
[2024-12-13T23:27:34.167+0000] {processor.py:179} INFO - Processing /opt/airflow/dags/etl_minio_to_postgres.py took 0.587 seconds
