[2024-12-17T03:13:31.631+0000] {taskinstance.py:1103} INFO - Dependencies all met for dep_context=non-requeueable deps ti=<TaskInstance: arsenal_mancity_etl.mancity_etl_group.etl_mancity_task manual__2024-12-17T03:13:26.222084+00:00 [queued]>
[2024-12-17T03:13:31.635+0000] {taskinstance.py:1103} INFO - Dependencies all met for dep_context=requeueable deps ti=<TaskInstance: arsenal_mancity_etl.mancity_etl_group.etl_mancity_task manual__2024-12-17T03:13:26.222084+00:00 [queued]>
[2024-12-17T03:13:31.636+0000] {taskinstance.py:1308} INFO - Starting attempt 2 of 2
[2024-12-17T03:13:31.642+0000] {taskinstance.py:1327} INFO - Executing <Task(PythonOperator): mancity_etl_group.etl_mancity_task> on 2024-12-17 03:13:26.222084+00:00
[2024-12-17T03:13:31.648+0000] {standard_task_runner.py:57} INFO - Started process 84650 to run task
[2024-12-17T03:13:31.650+0000] {standard_task_runner.py:84} INFO - Running: ['***', 'tasks', 'run', 'arsenal_mancity_etl', 'mancity_etl_group.etl_mancity_task', 'manual__2024-12-17T03:13:26.222084+00:00', '--job-id', '332', '--raw', '--subdir', 'DAGS_FOLDER/arsenal_mancity_etl.py', '--cfg-path', '/tmp/tmpq7ypuaca']
[2024-12-17T03:13:31.652+0000] {standard_task_runner.py:85} INFO - Job 332: Subtask mancity_etl_group.etl_mancity_task
[2024-12-17T03:13:31.716+0000] {task_command.py:410} INFO - Running <TaskInstance: arsenal_mancity_etl.mancity_etl_group.etl_mancity_task manual__2024-12-17T03:13:26.222084+00:00 [running]> on host 653f470dc9b4
[2024-12-17T03:13:31.796+0000] {taskinstance.py:1545} INFO - Exporting env vars: AIRFLOW_CTX_DAG_OWNER='***' AIRFLOW_CTX_DAG_ID='arsenal_mancity_etl' AIRFLOW_CTX_TASK_ID='mancity_etl_group.etl_mancity_task' AIRFLOW_CTX_EXECUTION_DATE='2024-12-17T03:13:26.222084+00:00' AIRFLOW_CTX_TRY_NUMBER='2' AIRFLOW_CTX_DAG_RUN_ID='manual__2024-12-17T03:13:26.222084+00:00'
[2024-12-17T03:13:32.295+0000] {logging_mixin.py:149} INFO - Processing file: ederson_match_logs_2023_2024.json
[2024-12-17T03:13:32.296+0000] {logging_mixin.py:149} INFO - Columns in DataFrame: ['', 'header_performance', 'header_pk', 'header_passes_launched', 'header_passes', 'header_goal_kicks', 'header_crosses_gk', 'header_sweeper', 'date', 'dayofweek', 'comp', 'round', 'venue', 'result', 'team', 'opponent', 'game_started', 'position', 'minutes', 'gk_shots_on_target_against', 'gk_goals_against', 'gk_saves', 'gk_save_pct', 'gk_clean_sheets', 'gk_psxg', 'gk_pens_att', 'gk_pens_allowed', 'gk_pens_saved', 'gk_pens_missed', 'gk_passes_completed_launched', 'gk_passes_launched', 'gk_passes_pct_launched', 'gk_passes', 'gk_passes_throws', 'gk_pct_passes_launched', 'gk_passes_length_avg', 'gk_goal_kicks', 'gk_pct_goal_kicks_launched', 'gk_goal_kick_length_avg', 'gk_crosses', 'gk_crosses_stopped', 'gk_crosses_stopped_pct', 'gk_def_actions_outside_pen_area', 'gk_avg_distance_def_actions', 'match_report']
[2024-12-17T03:13:32.296+0000] {logging_mixin.py:149} INFO - Missing columns in ederson_match_logs_2023_2024.json: ['match_id', 'goals_scored', 'goals_conceded']
[2024-12-17T03:13:32.319+0000] {logging_mixin.py:149} INFO - Processing file: erling_haaland_match_logs_2023_2024.json
[2024-12-17T03:13:32.319+0000] {logging_mixin.py:149} INFO - Columns in DataFrame: ['', 'header_performance', 'header_expected', 'header_sca', 'header_passes', 'header_carries', 'header_take_ons', 'date', 'dayofweek', 'comp', 'round', 'venue', 'result', 'team', 'opponent', 'game_started', 'position', 'minutes', 'goals', 'assists', 'pens_made', 'pens_att', 'shots', 'shots_on_target', 'cards_yellow', 'cards_red', 'touches', 'tackles', 'interceptions', 'blocks', 'xg', 'npxg', 'xg_assist', 'sca', 'gca', 'passes_completed', 'passes', 'passes_pct', 'progressive_passes', 'carries', 'progressive_carries', 'take_ons', 'take_ons_won', 'match_report']
[2024-12-17T03:13:32.320+0000] {logging_mixin.py:149} INFO - Missing columns in erling_haaland_match_logs_2023_2024.json: ['match_id', 'goals_scored', 'goals_conceded']
[2024-12-17T03:13:32.341+0000] {logging_mixin.py:149} INFO - Processing file: jack_grealish_match_logs_2023_2024.json
[2024-12-17T03:13:32.341+0000] {logging_mixin.py:149} INFO - Columns in DataFrame: ['', 'header_performance', 'header_expected', 'header_sca', 'header_passes', 'header_carries', 'header_take_ons', 'date', 'dayofweek', 'comp', 'round', 'venue', 'result', 'team', 'opponent', 'game_started', 'position', 'minutes', 'goals', 'assists', 'pens_made', 'pens_att', 'shots', 'shots_on_target', 'cards_yellow', 'cards_red', 'touches', 'tackles', 'interceptions', 'blocks', 'xg', 'npxg', 'xg_assist', 'sca', 'gca', 'passes_completed', 'passes', 'passes_pct', 'progressive_passes', 'carries', 'progressive_carries', 'take_ons', 'take_ons_won', 'match_report']
[2024-12-17T03:13:32.342+0000] {logging_mixin.py:149} INFO - Missing columns in jack_grealish_match_logs_2023_2024.json: ['match_id', 'goals_scored', 'goals_conceded']
[2024-12-17T03:13:32.358+0000] {logging_mixin.py:149} INFO - Processing file: josko_gvardiol_match_logs_2023_2024.json
[2024-12-17T03:13:32.358+0000] {logging_mixin.py:149} INFO - Columns in DataFrame: ['', 'header_performance', 'header_expected', 'header_sca', 'header_passes', 'header_carries', 'header_take_ons', 'date', 'dayofweek', 'comp', 'round', 'venue', 'result', 'team', 'opponent', 'game_started', 'position', 'minutes', 'goals', 'assists', 'pens_made', 'pens_att', 'shots', 'shots_on_target', 'cards_yellow', 'cards_red', 'touches', 'tackles', 'interceptions', 'blocks', 'xg', 'npxg', 'xg_assist', 'sca', 'gca', 'passes_completed', 'passes', 'passes_pct', 'progressive_passes', 'carries', 'progressive_carries', 'take_ons', 'take_ons_won', 'match_report']
[2024-12-17T03:13:32.358+0000] {logging_mixin.py:149} INFO - Missing columns in josko_gvardiol_match_logs_2023_2024.json: ['match_id', 'goals_scored', 'goals_conceded']
[2024-12-17T03:13:32.373+0000] {logging_mixin.py:149} INFO - Processing file: kevin_de_bruyne_match_logs_2023_2024.json
[2024-12-17T03:13:32.374+0000] {logging_mixin.py:149} INFO - Columns in DataFrame: ['', 'header_performance', 'header_expected', 'header_sca', 'header_passes', 'header_carries', 'header_take_ons', 'date', 'dayofweek', 'comp', 'round', 'venue', 'result', 'team', 'opponent', 'game_started', 'position', 'minutes', 'goals', 'assists', 'pens_made', 'pens_att', 'shots', 'shots_on_target', 'cards_yellow', 'cards_red', 'touches', 'tackles', 'interceptions', 'blocks', 'xg', 'npxg', 'xg_assist', 'sca', 'gca', 'passes_completed', 'passes', 'passes_pct', 'progressive_passes', 'carries', 'progressive_carries', 'take_ons', 'take_ons_won', 'match_report']
[2024-12-17T03:13:32.374+0000] {logging_mixin.py:149} INFO - Missing columns in kevin_de_bruyne_match_logs_2023_2024.json: ['match_id', 'goals_scored', 'goals_conceded']
[2024-12-17T03:13:32.389+0000] {logging_mixin.py:149} INFO - Processing file: kyle_walker_match_logs_2023_2024.json
[2024-12-17T03:13:32.390+0000] {logging_mixin.py:149} INFO - Columns in DataFrame: ['', 'header_performance', 'header_expected', 'header_sca', 'header_passes', 'header_carries', 'header_take_ons', 'date', 'dayofweek', 'comp', 'round', 'venue', 'result', 'team', 'opponent', 'game_started', 'position', 'minutes', 'goals', 'assists', 'pens_made', 'pens_att', 'shots', 'shots_on_target', 'cards_yellow', 'cards_red', 'touches', 'tackles', 'interceptions', 'blocks', 'xg', 'npxg', 'xg_assist', 'sca', 'gca', 'passes_completed', 'passes', 'passes_pct', 'progressive_passes', 'carries', 'progressive_carries', 'take_ons', 'take_ons_won', 'match_report']
[2024-12-17T03:13:32.390+0000] {logging_mixin.py:149} INFO - Missing columns in kyle_walker_match_logs_2023_2024.json: ['match_id', 'goals_scored', 'goals_conceded']
[2024-12-17T03:13:32.405+0000] {logging_mixin.py:149} INFO - Processing file: manuel_akanji_match_logs_2023_2024.json
[2024-12-17T03:13:32.405+0000] {logging_mixin.py:149} INFO - Columns in DataFrame: ['', 'header_performance', 'header_expected', 'header_sca', 'header_passes', 'header_carries', 'header_take_ons', 'date', 'dayofweek', 'comp', 'round', 'venue', 'result', 'team', 'opponent', 'game_started', 'position', 'minutes', 'goals', 'assists', 'pens_made', 'pens_att', 'shots', 'shots_on_target', 'cards_yellow', 'cards_red', 'touches', 'tackles', 'interceptions', 'blocks', 'xg', 'npxg', 'xg_assist', 'sca', 'gca', 'passes_completed', 'passes', 'passes_pct', 'progressive_passes', 'carries', 'progressive_carries', 'take_ons', 'take_ons_won', 'match_report']
[2024-12-17T03:13:32.405+0000] {logging_mixin.py:149} INFO - Missing columns in manuel_akanji_match_logs_2023_2024.json: ['match_id', 'goals_scored', 'goals_conceded']
[2024-12-17T03:13:32.420+0000] {logging_mixin.py:149} INFO - Processing file: mateo_kovacic_match_logs_2023_2024.json
[2024-12-17T03:13:32.421+0000] {logging_mixin.py:149} INFO - Columns in DataFrame: ['', 'header_performance', 'header_expected', 'header_sca', 'header_passes', 'header_carries', 'header_take_ons', 'date', 'dayofweek', 'comp', 'round', 'venue', 'result', 'team', 'opponent', 'game_started', 'position', 'minutes', 'goals', 'assists', 'pens_made', 'pens_att', 'shots', 'shots_on_target', 'cards_yellow', 'cards_red', 'touches', 'tackles', 'interceptions', 'blocks', 'xg', 'npxg', 'xg_assist', 'sca', 'gca', 'passes_completed', 'passes', 'passes_pct', 'progressive_passes', 'carries', 'progressive_carries', 'take_ons', 'take_ons_won', 'match_report']
[2024-12-17T03:13:32.421+0000] {logging_mixin.py:149} INFO - Missing columns in mateo_kovacic_match_logs_2023_2024.json: ['match_id', 'goals_scored', 'goals_conceded']
[2024-12-17T03:13:32.442+0000] {logging_mixin.py:149} INFO - Processing file: nathan_ake_match_logs_2023_2024.json
[2024-12-17T03:13:32.442+0000] {logging_mixin.py:149} INFO - Columns in DataFrame: ['', 'header_performance', 'header_expected', 'header_sca', 'header_passes', 'header_carries', 'header_take_ons', 'date', 'dayofweek', 'comp', 'round', 'venue', 'result', 'team', 'opponent', 'game_started', 'position', 'minutes', 'goals', 'assists', 'pens_made', 'pens_att', 'shots', 'shots_on_target', 'cards_yellow', 'cards_red', 'touches', 'tackles', 'interceptions', 'blocks', 'xg', 'npxg', 'xg_assist', 'sca', 'gca', 'passes_completed', 'passes', 'passes_pct', 'progressive_passes', 'carries', 'progressive_carries', 'take_ons', 'take_ons_won', 'match_report']
[2024-12-17T03:13:32.443+0000] {logging_mixin.py:149} INFO - Missing columns in nathan_ake_match_logs_2023_2024.json: ['match_id', 'goals_scored', 'goals_conceded']
[2024-12-17T03:13:32.461+0000] {logging_mixin.py:149} INFO - Processing file: phil_foden_match_logs_2023_2024.json
[2024-12-17T03:13:32.462+0000] {logging_mixin.py:149} INFO - Columns in DataFrame: ['', 'header_performance', 'header_expected', 'header_sca', 'header_passes', 'header_carries', 'header_take_ons', 'date', 'dayofweek', 'comp', 'round', 'venue', 'result', 'team', 'opponent', 'game_started', 'position', 'minutes', 'goals', 'assists', 'pens_made', 'pens_att', 'shots', 'shots_on_target', 'cards_yellow', 'cards_red', 'touches', 'tackles', 'interceptions', 'blocks', 'xg', 'npxg', 'xg_assist', 'sca', 'gca', 'passes_completed', 'passes', 'passes_pct', 'progressive_passes', 'carries', 'progressive_carries', 'take_ons', 'take_ons_won', 'match_report']
[2024-12-17T03:13:32.462+0000] {logging_mixin.py:149} INFO - Missing columns in phil_foden_match_logs_2023_2024.json: ['match_id', 'goals_scored', 'goals_conceded']
[2024-12-17T03:13:32.478+0000] {logging_mixin.py:149} INFO - Processing file: rodri_match_logs_2023_2024.json
[2024-12-17T03:13:32.478+0000] {logging_mixin.py:149} INFO - Columns in DataFrame: ['', 'header_performance', 'header_expected', 'header_sca', 'header_passes', 'header_carries', 'header_take_ons', 'date', 'dayofweek', 'comp', 'round', 'venue', 'result', 'team', 'opponent', 'game_started', 'position', 'minutes', 'goals', 'assists', 'pens_made', 'pens_att', 'shots', 'shots_on_target', 'cards_yellow', 'cards_red', 'touches', 'tackles', 'interceptions', 'blocks', 'xg', 'npxg', 'xg_assist', 'sca', 'gca', 'passes_completed', 'passes', 'passes_pct', 'progressive_passes', 'carries', 'progressive_carries', 'take_ons', 'take_ons_won', 'match_report']
[2024-12-17T03:13:32.478+0000] {logging_mixin.py:149} INFO - Missing columns in rodri_match_logs_2023_2024.json: ['match_id', 'goals_scored', 'goals_conceded']
[2024-12-17T03:13:32.479+0000] {taskinstance.py:1824} ERROR - Task failed with exception
Traceback (most recent call last):
  File "/home/airflow/.local/lib/python3.8/site-packages/airflow/operators/python.py", line 181, in execute
    return_value = self.execute_callable()
  File "/home/airflow/.local/lib/python3.8/site-packages/airflow/operators/python.py", line 198, in execute_callable
    return self.python_callable(*self.op_args, **self.op_kwargs)
  File "/opt/airflow/dags/arsenal_mancity_etl.py", line 148, in etl_mancity
    matches_df = pd.concat(all_matches).drop_duplicates()
  File "/home/airflow/.local/lib/python3.8/site-packages/pandas/util/_decorators.py", line 331, in wrapper
    return func(*args, **kwargs)
  File "/home/airflow/.local/lib/python3.8/site-packages/pandas/core/reshape/concat.py", line 368, in concat
    op = _Concatenator(
  File "/home/airflow/.local/lib/python3.8/site-packages/pandas/core/reshape/concat.py", line 425, in __init__
    raise ValueError("No objects to concatenate")
ValueError: No objects to concatenate
[2024-12-17T03:13:32.491+0000] {taskinstance.py:1345} INFO - Marking task as FAILED. dag_id=arsenal_mancity_etl, task_id=mancity_etl_group.etl_mancity_task, execution_date=20241217T031326, start_date=20241217T031331, end_date=20241217T031332
[2024-12-17T03:13:32.515+0000] {standard_task_runner.py:104} ERROR - Failed to execute job 332 for task mancity_etl_group.etl_mancity_task (No objects to concatenate; 84650)
[2024-12-17T03:13:32.551+0000] {local_task_job_runner.py:225} INFO - Task exited with return code 1
[2024-12-17T03:13:32.611+0000] {taskinstance.py:2653} INFO - 0 downstream tasks scheduled from follow-on schedule check
