[2024-12-17T06:10:49.288+0000] {taskinstance.py:1103} INFO - Dependencies all met for dep_context=non-requeueable deps ti=<TaskInstance: arsenal_mancity_etl.mancity_etl_group.etl_mancity_task manual__2024-12-17T06:10:45.912529+00:00 [queued]>
[2024-12-17T06:10:49.295+0000] {taskinstance.py:1103} INFO - Dependencies all met for dep_context=requeueable deps ti=<TaskInstance: arsenal_mancity_etl.mancity_etl_group.etl_mancity_task manual__2024-12-17T06:10:45.912529+00:00 [queued]>
[2024-12-17T06:10:49.295+0000] {taskinstance.py:1308} INFO - Starting attempt 1 of 2
[2024-12-17T06:10:49.305+0000] {taskinstance.py:1327} INFO - Executing <Task(PythonOperator): mancity_etl_group.etl_mancity_task> on 2024-12-17 06:10:45.912529+00:00
[2024-12-17T06:10:49.317+0000] {standard_task_runner.py:57} INFO - Started process 2322 to run task
[2024-12-17T06:10:49.352+0000] {standard_task_runner.py:84} INFO - Running: ['***', 'tasks', 'run', 'arsenal_mancity_etl', 'mancity_etl_group.etl_mancity_task', 'manual__2024-12-17T06:10:45.912529+00:00', '--job-id', '346', '--raw', '--subdir', 'DAGS_FOLDER/arsenal_mancity_etl.py', '--cfg-path', '/tmp/tmpxd15uhai']
[2024-12-17T06:10:49.376+0000] {standard_task_runner.py:85} INFO - Job 346: Subtask mancity_etl_group.etl_mancity_task
[2024-12-17T06:10:49.564+0000] {task_command.py:410} INFO - Running <TaskInstance: arsenal_mancity_etl.mancity_etl_group.etl_mancity_task manual__2024-12-17T06:10:45.912529+00:00 [running]> on host 653f470dc9b4
[2024-12-17T06:10:49.780+0000] {taskinstance.py:1545} INFO - Exporting env vars: AIRFLOW_CTX_DAG_OWNER='***' AIRFLOW_CTX_DAG_ID='arsenal_mancity_etl' AIRFLOW_CTX_TASK_ID='mancity_etl_group.etl_mancity_task' AIRFLOW_CTX_EXECUTION_DATE='2024-12-17T06:10:45.912529+00:00' AIRFLOW_CTX_TRY_NUMBER='1' AIRFLOW_CTX_DAG_RUN_ID='manual__2024-12-17T06:10:45.912529+00:00'
[2024-12-17T06:10:50.969+0000] {logging_mixin.py:149} INFO - Processing file: ederson_match_logs_2023_2024.json
[2024-12-17T06:10:50.973+0000] {logging_mixin.py:149} INFO - Warning: Missing columns ['goals_scored', 'goals_conceded']. File will be skipped.
[2024-12-17T06:10:50.973+0000] {logging_mixin.py:149} INFO - Error processing file ederson_match_logs_2023_2024.json: too many values to unpack (expected 2)
[2024-12-17T06:10:50.997+0000] {logging_mixin.py:149} INFO - Processing file: erling_haaland_match_logs_2023_2024.json
[2024-12-17T06:10:50.997+0000] {logging_mixin.py:149} INFO - Warning: Missing columns ['goals_scored', 'goals_conceded']. File will be skipped.
[2024-12-17T06:10:50.997+0000] {logging_mixin.py:149} INFO - Error processing file erling_haaland_match_logs_2023_2024.json: too many values to unpack (expected 2)
[2024-12-17T06:10:51.017+0000] {logging_mixin.py:149} INFO - Processing file: jack_grealish_match_logs_2023_2024.json
[2024-12-17T06:10:51.017+0000] {logging_mixin.py:149} INFO - Warning: Missing columns ['goals_scored', 'goals_conceded']. File will be skipped.
[2024-12-17T06:10:51.017+0000] {logging_mixin.py:149} INFO - Error processing file jack_grealish_match_logs_2023_2024.json: too many values to unpack (expected 2)
[2024-12-17T06:10:51.018+0000] {logging_mixin.py:149} INFO - ETL ManCity selesai.
[2024-12-17T06:10:51.018+0000] {python.py:183} INFO - Done. Returned value was: None
[2024-12-17T06:10:51.068+0000] {taskinstance.py:1345} INFO - Marking task as SUCCESS. dag_id=arsenal_mancity_etl, task_id=mancity_etl_group.etl_mancity_task, execution_date=20241217T061045, start_date=20241217T061049, end_date=20241217T061051
[2024-12-17T06:10:51.110+0000] {local_task_job_runner.py:225} INFO - Task exited with return code 0
[2024-12-17T06:10:51.144+0000] {taskinstance.py:2653} INFO - 0 downstream tasks scheduled from follow-on schedule check
