[2024-12-17T08:18:22.566+0000] {taskinstance.py:1103} INFO - Dependencies all met for dep_context=non-requeueable deps ti=<TaskInstance: players_data_to_postgres_etl.transform_data manual__2024-12-17T08:18:18.140600+00:00 [queued]>
[2024-12-17T08:18:22.572+0000] {taskinstance.py:1103} INFO - Dependencies all met for dep_context=requeueable deps ti=<TaskInstance: players_data_to_postgres_etl.transform_data manual__2024-12-17T08:18:18.140600+00:00 [queued]>
[2024-12-17T08:18:22.572+0000] {taskinstance.py:1308} INFO - Starting attempt 1 of 2
[2024-12-17T08:18:22.579+0000] {taskinstance.py:1327} INFO - Executing <Task(PythonOperator): transform_data> on 2024-12-17 08:18:18.140600+00:00
[2024-12-17T08:18:22.586+0000] {standard_task_runner.py:57} INFO - Started process 2925 to run task
[2024-12-17T08:18:22.589+0000] {standard_task_runner.py:84} INFO - Running: ['***', 'tasks', 'run', 'players_data_to_postgres_etl', 'transform_data', 'manual__2024-12-17T08:18:18.140600+00:00', '--job-id', '354', '--raw', '--subdir', 'DAGS_FOLDER/players_data_to_postgres_etl.py', '--cfg-path', '/tmp/tmplis1u07q']
[2024-12-17T08:18:22.591+0000] {standard_task_runner.py:85} INFO - Job 354: Subtask transform_data
[2024-12-17T08:18:22.626+0000] {task_command.py:410} INFO - Running <TaskInstance: players_data_to_postgres_etl.transform_data manual__2024-12-17T08:18:18.140600+00:00 [running]> on host 653f470dc9b4
[2024-12-17T08:18:22.696+0000] {taskinstance.py:1545} INFO - Exporting env vars: AIRFLOW_CTX_DAG_OWNER='***' AIRFLOW_CTX_DAG_ID='players_data_to_postgres_etl' AIRFLOW_CTX_TASK_ID='transform_data' AIRFLOW_CTX_EXECUTION_DATE='2024-12-17T08:18:18.140600+00:00' AIRFLOW_CTX_TRY_NUMBER='1' AIRFLOW_CTX_DAG_RUN_ID='manual__2024-12-17T08:18:18.140600+00:00'
[2024-12-17T08:18:22.720+0000] {logging_mixin.py:149} INFO - Columns in JSON: Index(['', 'header_performance', 'header_pk', 'header_passes_launched',
       'header_passes', 'header_goal_kicks', 'header_crosses_gk',
       'header_sweeper', 'date', 'dayofweek', 'comp', 'round', 'venue',
       'result', 'team', 'opponent', 'game_started', 'position', 'minutes',
       'gk_shots_on_target_against', 'gk_goals_against', 'gk_saves',
       'gk_save_pct', 'gk_clean_sheets', 'gk_psxg', 'gk_pens_att',
       'gk_pens_allowed', 'gk_pens_saved', 'gk_pens_missed',
       'gk_passes_completed_launched', 'gk_passes_launched',
       'gk_passes_pct_launched', 'gk_passes', 'gk_passes_throws',
       'gk_pct_passes_launched', 'gk_passes_length_avg', 'gk_goal_kicks',
       'gk_pct_goal_kicks_launched', 'gk_goal_kick_length_avg', 'gk_crosses',
       'gk_crosses_stopped', 'gk_crosses_stopped_pct',
       'gk_def_actions_outside_pen_area', 'gk_avg_distance_def_actions',
       'match_report'],
      dtype='object')
[2024-12-17T08:18:22.721+0000] {taskinstance.py:1824} ERROR - Task failed with exception
Traceback (most recent call last):
  File "/home/airflow/.local/lib/python3.8/site-packages/airflow/operators/python.py", line 181, in execute
    return_value = self.execute_callable()
  File "/home/airflow/.local/lib/python3.8/site-packages/airflow/operators/python.py", line 198, in execute_callable
    return self.python_callable(*self.op_args, **self.op_kwargs)
  File "/opt/airflow/dags/players_data_to_postgres_etl.py", line 46, in transform_data
    raise KeyError("Kolom 'player' atau alternatifnya tidak ditemukan dalam data.")
KeyError: "Kolom 'player' atau alternatifnya tidak ditemukan dalam data."
[2024-12-17T08:18:22.729+0000] {taskinstance.py:1345} INFO - Marking task as UP_FOR_RETRY. dag_id=players_data_to_postgres_etl, task_id=transform_data, execution_date=20241217T081818, start_date=20241217T081822, end_date=20241217T081822
[2024-12-17T08:18:22.735+0000] {standard_task_runner.py:104} ERROR - Failed to execute job 354 for task transform_data ("Kolom 'player' atau alternatifnya tidak ditemukan dalam data."; 2925)
[2024-12-17T08:18:22.772+0000] {local_task_job_runner.py:225} INFO - Task exited with return code 1
[2024-12-17T08:18:22.805+0000] {taskinstance.py:2653} INFO - 0 downstream tasks scheduled from follow-on schedule check
