[2024-12-17T06:26:33.627+0000] {taskinstance.py:1103} INFO - Dependencies all met for dep_context=non-requeueable deps ti=<TaskInstance: arsenal_mancity_etl.arsenal_etl_group.etl_arsenal_task manual__2024-12-17T06:26:30.893306+00:00 [queued]>
[2024-12-17T06:26:33.632+0000] {taskinstance.py:1103} INFO - Dependencies all met for dep_context=requeueable deps ti=<TaskInstance: arsenal_mancity_etl.arsenal_etl_group.etl_arsenal_task manual__2024-12-17T06:26:30.893306+00:00 [queued]>
[2024-12-17T06:26:33.632+0000] {taskinstance.py:1308} INFO - Starting attempt 1 of 2
[2024-12-17T06:26:33.639+0000] {taskinstance.py:1327} INFO - Executing <Task(PythonOperator): arsenal_etl_group.etl_arsenal_task> on 2024-12-17 06:26:30.893306+00:00
[2024-12-17T06:26:33.645+0000] {standard_task_runner.py:57} INFO - Started process 8753 to run task
[2024-12-17T06:26:33.649+0000] {standard_task_runner.py:84} INFO - Running: ['***', 'tasks', 'run', 'arsenal_mancity_etl', 'arsenal_etl_group.etl_arsenal_task', 'manual__2024-12-17T06:26:30.893306+00:00', '--job-id', '347', '--raw', '--subdir', 'DAGS_FOLDER/arsenal_mancity_etl.py', '--cfg-path', '/tmp/tmp7ltnqhsq']
[2024-12-17T06:26:33.652+0000] {standard_task_runner.py:85} INFO - Job 347: Subtask arsenal_etl_group.etl_arsenal_task
[2024-12-17T06:26:33.700+0000] {task_command.py:410} INFO - Running <TaskInstance: arsenal_mancity_etl.arsenal_etl_group.etl_arsenal_task manual__2024-12-17T06:26:30.893306+00:00 [running]> on host 653f470dc9b4
[2024-12-17T06:26:33.761+0000] {taskinstance.py:1545} INFO - Exporting env vars: AIRFLOW_CTX_DAG_OWNER='***' AIRFLOW_CTX_DAG_ID='arsenal_mancity_etl' AIRFLOW_CTX_TASK_ID='arsenal_etl_group.etl_arsenal_task' AIRFLOW_CTX_EXECUTION_DATE='2024-12-17T06:26:30.893306+00:00' AIRFLOW_CTX_TRY_NUMBER='1' AIRFLOW_CTX_DAG_RUN_ID='manual__2024-12-17T06:26:30.893306+00:00'
[2024-12-17T06:26:34.197+0000] {logging_mixin.py:149} INFO - Processing file: ben_white_match_logs_2023_2024.json
[2024-12-17T06:26:34.198+0000] {logging_mixin.py:149} INFO - Warning: Column goals_scored is missing. Filling with default value 0.
[2024-12-17T06:26:34.199+0000] {logging_mixin.py:149} INFO - Warning: Column goals_conceded is missing. Filling with default value 0.
[2024-12-17T06:26:34.205+0000] {logging_mixin.py:149} INFO - Error processing file ben_white_match_logs_2023_2024.json: "['minutes_played'] not in index"
[2024-12-17T06:26:34.221+0000] {logging_mixin.py:149} INFO - Processing file: bukayo_saka_match_logs_2023_2024.json
[2024-12-17T06:26:34.222+0000] {logging_mixin.py:149} INFO - Warning: Column goals_scored is missing. Filling with default value 0.
[2024-12-17T06:26:34.222+0000] {logging_mixin.py:149} INFO - Warning: Column goals_conceded is missing. Filling with default value 0.
[2024-12-17T06:26:34.224+0000] {logging_mixin.py:149} INFO - Error processing file bukayo_saka_match_logs_2023_2024.json: "['minutes_played'] not in index"
[2024-12-17T06:26:34.224+0000] {logging_mixin.py:149} INFO - ETL pipeline for bucket arsenal-data completed.
[2024-12-17T06:26:34.224+0000] {python.py:183} INFO - Done. Returned value was: None
[2024-12-17T06:26:34.240+0000] {taskinstance.py:1345} INFO - Marking task as SUCCESS. dag_id=arsenal_mancity_etl, task_id=arsenal_etl_group.etl_arsenal_task, execution_date=20241217T062630, start_date=20241217T062633, end_date=20241217T062634
[2024-12-17T06:26:34.270+0000] {local_task_job_runner.py:225} INFO - Task exited with return code 0
[2024-12-17T06:26:34.292+0000] {taskinstance.py:2653} INFO - 1 downstream tasks scheduled from follow-on schedule check
