[2024-12-17T03:13:28.498+0000] {taskinstance.py:1103} INFO - Dependencies all met for dep_context=non-requeueable deps ti=<TaskInstance: arsenal_mancity_etl.arsenal_etl_group.etl_arsenal_task manual__2024-12-17T03:13:26.222084+00:00 [queued]>
[2024-12-17T03:13:28.503+0000] {taskinstance.py:1103} INFO - Dependencies all met for dep_context=requeueable deps ti=<TaskInstance: arsenal_mancity_etl.arsenal_etl_group.etl_arsenal_task manual__2024-12-17T03:13:26.222084+00:00 [queued]>
[2024-12-17T03:13:28.504+0000] {taskinstance.py:1308} INFO - Starting attempt 1 of 2
[2024-12-17T03:13:28.510+0000] {taskinstance.py:1327} INFO - Executing <Task(PythonOperator): arsenal_etl_group.etl_arsenal_task> on 2024-12-17 03:13:26.222084+00:00
[2024-12-17T03:13:28.514+0000] {standard_task_runner.py:57} INFO - Started process 84630 to run task
[2024-12-17T03:13:28.518+0000] {standard_task_runner.py:84} INFO - Running: ['***', 'tasks', 'run', 'arsenal_mancity_etl', 'arsenal_etl_group.etl_arsenal_task', 'manual__2024-12-17T03:13:26.222084+00:00', '--job-id', '329', '--raw', '--subdir', 'DAGS_FOLDER/arsenal_mancity_etl.py', '--cfg-path', '/tmp/tmplnri1jsa']
[2024-12-17T03:13:28.520+0000] {standard_task_runner.py:85} INFO - Job 329: Subtask arsenal_etl_group.etl_arsenal_task
[2024-12-17T03:13:28.567+0000] {task_command.py:410} INFO - Running <TaskInstance: arsenal_mancity_etl.arsenal_etl_group.etl_arsenal_task manual__2024-12-17T03:13:26.222084+00:00 [running]> on host 653f470dc9b4
[2024-12-17T03:13:28.654+0000] {taskinstance.py:1545} INFO - Exporting env vars: AIRFLOW_CTX_DAG_OWNER='***' AIRFLOW_CTX_DAG_ID='arsenal_mancity_etl' AIRFLOW_CTX_TASK_ID='arsenal_etl_group.etl_arsenal_task' AIRFLOW_CTX_EXECUTION_DATE='2024-12-17T03:13:26.222084+00:00' AIRFLOW_CTX_TRY_NUMBER='1' AIRFLOW_CTX_DAG_RUN_ID='manual__2024-12-17T03:13:26.222084+00:00'
[2024-12-17T03:13:28.965+0000] {logging_mixin.py:149} INFO - Processing file: ben_white_match_logs_2023_2024.json
[2024-12-17T03:13:28.966+0000] {logging_mixin.py:149} INFO - Columns in DataFrame: ['', 'header_performance', 'header_expected', 'header_sca', 'header_passes', 'header_carries', 'header_take_ons', 'date', 'dayofweek', 'comp', 'round', 'venue', 'result', 'team', 'opponent', 'game_started', 'position', 'minutes', 'goals', 'assists', 'pens_made', 'pens_att', 'shots', 'shots_on_target', 'cards_yellow', 'cards_red', 'touches', 'tackles', 'interceptions', 'blocks', 'xg', 'npxg', 'xg_assist', 'sca', 'gca', 'passes_completed', 'passes', 'passes_pct', 'progressive_passes', 'carries', 'progressive_carries', 'take_ons', 'take_ons_won', 'match_report']
[2024-12-17T03:13:28.966+0000] {logging_mixin.py:149} INFO - Missing columns in ben_white_match_logs_2023_2024.json: ['match_id', 'goals_scored', 'goals_conceded']
[2024-12-17T03:13:28.984+0000] {logging_mixin.py:149} INFO - Processing file: bukayo_saka_match_logs_2023_2024.json
[2024-12-17T03:13:28.984+0000] {logging_mixin.py:149} INFO - Columns in DataFrame: ['', 'header_performance', 'header_expected', 'header_sca', 'header_passes', 'header_carries', 'header_take_ons', 'date', 'dayofweek', 'comp', 'round', 'venue', 'result', 'team', 'opponent', 'game_started', 'position', 'minutes', 'goals', 'assists', 'pens_made', 'pens_att', 'shots', 'shots_on_target', 'cards_yellow', 'cards_red', 'touches', 'tackles', 'interceptions', 'blocks', 'xg', 'npxg', 'xg_assist', 'sca', 'gca', 'passes_completed', 'passes', 'passes_pct', 'progressive_passes', 'carries', 'progressive_carries', 'take_ons', 'take_ons_won', 'match_report']
[2024-12-17T03:13:28.984+0000] {logging_mixin.py:149} INFO - Missing columns in bukayo_saka_match_logs_2023_2024.json: ['match_id', 'goals_scored', 'goals_conceded']
[2024-12-17T03:13:28.999+0000] {logging_mixin.py:149} INFO - Processing file: david_raya_match_logs_2023_2024.json
[2024-12-17T03:13:28.999+0000] {logging_mixin.py:149} INFO - Columns in DataFrame: ['', 'header_performance', 'header_pk', 'header_passes_launched', 'header_passes', 'header_goal_kicks', 'header_crosses_gk', 'header_sweeper', 'date', 'dayofweek', 'comp', 'round', 'venue', 'result', 'team', 'opponent', 'game_started', 'position', 'minutes', 'gk_shots_on_target_against', 'gk_goals_against', 'gk_saves', 'gk_save_pct', 'gk_clean_sheets', 'gk_psxg', 'gk_pens_att', 'gk_pens_allowed', 'gk_pens_saved', 'gk_pens_missed', 'gk_passes_completed_launched', 'gk_passes_launched', 'gk_passes_pct_launched', 'gk_passes', 'gk_passes_throws', 'gk_pct_passes_launched', 'gk_passes_length_avg', 'gk_goal_kicks', 'gk_pct_goal_kicks_launched', 'gk_goal_kick_length_avg', 'gk_crosses', 'gk_crosses_stopped', 'gk_crosses_stopped_pct', 'gk_def_actions_outside_pen_area', 'gk_avg_distance_def_actions', 'match_report']
[2024-12-17T03:13:28.999+0000] {logging_mixin.py:149} INFO - Missing columns in david_raya_match_logs_2023_2024.json: ['match_id', 'goals_scored', 'goals_conceded']
[2024-12-17T03:13:29.014+0000] {logging_mixin.py:149} INFO - Processing file: declan_rice_match_logs_2023_2024.json
[2024-12-17T03:13:29.014+0000] {logging_mixin.py:149} INFO - Columns in DataFrame: ['', 'header_performance', 'header_expected', 'header_sca', 'header_passes', 'header_carries', 'header_take_ons', 'date', 'dayofweek', 'comp', 'round', 'venue', 'result', 'team', 'opponent', 'game_started', 'position', 'minutes', 'goals', 'assists', 'pens_made', 'pens_att', 'shots', 'shots_on_target', 'cards_yellow', 'cards_red', 'touches', 'tackles', 'interceptions', 'blocks', 'xg', 'npxg', 'xg_assist', 'sca', 'gca', 'passes_completed', 'passes', 'passes_pct', 'progressive_passes', 'carries', 'progressive_carries', 'take_ons', 'take_ons_won', 'match_report']
[2024-12-17T03:13:29.014+0000] {logging_mixin.py:149} INFO - Missing columns in declan_rice_match_logs_2023_2024.json: ['match_id', 'goals_scored', 'goals_conceded']
[2024-12-17T03:13:29.032+0000] {logging_mixin.py:149} INFO - Processing file: gabriel_magalhaes_match_logs_2023_2024.json
[2024-12-17T03:13:29.032+0000] {logging_mixin.py:149} INFO - Columns in DataFrame: ['', 'header_performance', 'header_expected', 'header_sca', 'header_passes', 'header_carries', 'header_take_ons', 'date', 'dayofweek', 'comp', 'round', 'venue', 'result', 'team', 'opponent', 'game_started', 'position', 'minutes', 'goals', 'assists', 'pens_made', 'pens_att', 'shots', 'shots_on_target', 'cards_yellow', 'cards_red', 'touches', 'tackles', 'interceptions', 'blocks', 'xg', 'npxg', 'xg_assist', 'sca', 'gca', 'passes_completed', 'passes', 'passes_pct', 'progressive_passes', 'carries', 'progressive_carries', 'take_ons', 'take_ons_won', 'match_report']
[2024-12-17T03:13:29.032+0000] {logging_mixin.py:149} INFO - Missing columns in gabriel_magalhaes_match_logs_2023_2024.json: ['match_id', 'goals_scored', 'goals_conceded']
[2024-12-17T03:13:29.056+0000] {logging_mixin.py:149} INFO - Processing file: gabriel_martinelli_match_logs_2023_2024.json
[2024-12-17T03:13:29.058+0000] {logging_mixin.py:149} INFO - Columns in DataFrame: ['', 'header_performance', 'header_expected', 'header_sca', 'header_passes', 'header_carries', 'header_take_ons', 'date', 'dayofweek', 'comp', 'round', 'venue', 'result', 'team', 'opponent', 'game_started', 'position', 'minutes', 'goals', 'assists', 'pens_made', 'pens_att', 'shots', 'shots_on_target', 'cards_yellow', 'cards_red', 'touches', 'tackles', 'interceptions', 'blocks', 'xg', 'npxg', 'xg_assist', 'sca', 'gca', 'passes_completed', 'passes', 'passes_pct', 'progressive_passes', 'carries', 'progressive_carries', 'take_ons', 'take_ons_won', 'match_report']
[2024-12-17T03:13:29.058+0000] {logging_mixin.py:149} INFO - Missing columns in gabriel_martinelli_match_logs_2023_2024.json: ['match_id', 'goals_scored', 'goals_conceded']
[2024-12-17T03:13:29.080+0000] {logging_mixin.py:149} INFO - Processing file: kai_havertz_match_logs_2023_2024.json
[2024-12-17T03:13:29.081+0000] {logging_mixin.py:149} INFO - Columns in DataFrame: ['', 'header_performance', 'header_expected', 'header_sca', 'header_passes', 'header_carries', 'header_take_ons', 'date', 'dayofweek', 'comp', 'round', 'venue', 'result', 'team', 'opponent', 'game_started', 'position', 'minutes', 'goals', 'assists', 'pens_made', 'pens_att', 'shots', 'shots_on_target', 'cards_yellow', 'cards_red', 'touches', 'tackles', 'interceptions', 'blocks', 'xg', 'npxg', 'xg_assist', 'sca', 'gca', 'passes_completed', 'passes', 'passes_pct', 'progressive_passes', 'carries', 'progressive_carries', 'take_ons', 'take_ons_won', 'match_report']
[2024-12-17T03:13:29.081+0000] {logging_mixin.py:149} INFO - Missing columns in kai_havertz_match_logs_2023_2024.json: ['match_id', 'goals_scored', 'goals_conceded']
[2024-12-17T03:13:29.096+0000] {logging_mixin.py:149} INFO - Processing file: martin_odegaard_match_logs_2023_2024.json
[2024-12-17T03:13:29.096+0000] {logging_mixin.py:149} INFO - Columns in DataFrame: ['', 'header_performance', 'header_expected', 'header_sca', 'header_passes', 'header_carries', 'header_take_ons', 'date', 'dayofweek', 'comp', 'round', 'venue', 'result', 'team', 'opponent', 'game_started', 'position', 'minutes', 'goals', 'assists', 'pens_made', 'pens_att', 'shots', 'shots_on_target', 'cards_yellow', 'cards_red', 'touches', 'tackles', 'interceptions', 'blocks', 'xg', 'npxg', 'xg_assist', 'sca', 'gca', 'passes_completed', 'passes', 'passes_pct', 'progressive_passes', 'carries', 'progressive_carries', 'take_ons', 'take_ons_won', 'match_report']
[2024-12-17T03:13:29.096+0000] {logging_mixin.py:149} INFO - Missing columns in martin_odegaard_match_logs_2023_2024.json: ['match_id', 'goals_scored', 'goals_conceded']
[2024-12-17T03:13:29.111+0000] {logging_mixin.py:149} INFO - Processing file: oleksandr_zinchenko_match_logs_2023_2024.json
[2024-12-17T03:13:29.111+0000] {logging_mixin.py:149} INFO - Columns in DataFrame: ['', 'header_performance', 'header_expected', 'header_sca', 'header_passes', 'header_carries', 'header_take_ons', 'date', 'dayofweek', 'comp', 'round', 'venue', 'result', 'team', 'opponent', 'game_started', 'position', 'minutes', 'goals', 'assists', 'pens_made', 'pens_att', 'shots', 'shots_on_target', 'cards_yellow', 'cards_red', 'touches', 'tackles', 'interceptions', 'blocks', 'xg', 'npxg', 'xg_assist', 'sca', 'gca', 'passes_completed', 'passes', 'passes_pct', 'progressive_passes', 'carries', 'progressive_carries', 'take_ons', 'take_ons_won', 'match_report']
[2024-12-17T03:13:29.111+0000] {logging_mixin.py:149} INFO - Missing columns in oleksandr_zinchenko_match_logs_2023_2024.json: ['match_id', 'goals_scored', 'goals_conceded']
[2024-12-17T03:13:29.124+0000] {logging_mixin.py:149} INFO - Processing file: thomas_partey_match_logs_2023_2024.json
[2024-12-17T03:13:29.124+0000] {logging_mixin.py:149} INFO - Columns in DataFrame: ['', 'header_performance', 'header_expected', 'header_sca', 'header_passes', 'header_carries', 'header_take_ons', 'date', 'dayofweek', 'comp', 'round', 'venue', 'result', 'team', 'opponent', 'game_started', 'position', 'minutes', 'goals', 'assists', 'pens_made', 'pens_att', 'shots', 'shots_on_target', 'cards_yellow', 'cards_red', 'touches', 'tackles', 'interceptions', 'blocks', 'xg', 'npxg', 'xg_assist', 'sca', 'gca', 'passes_completed', 'passes', 'passes_pct', 'progressive_passes', 'carries', 'progressive_carries', 'take_ons', 'take_ons_won', 'match_report']
[2024-12-17T03:13:29.124+0000] {logging_mixin.py:149} INFO - Missing columns in thomas_partey_match_logs_2023_2024.json: ['match_id', 'goals_scored', 'goals_conceded']
[2024-12-17T03:13:29.143+0000] {logging_mixin.py:149} INFO - Processing file: william_saliba_match_logs_2023_2024.json
[2024-12-17T03:13:29.143+0000] {logging_mixin.py:149} INFO - Columns in DataFrame: ['', 'header_performance', 'header_expected', 'header_sca', 'header_passes', 'header_carries', 'header_take_ons', 'date', 'dayofweek', 'comp', 'round', 'venue', 'result', 'team', 'opponent', 'game_started', 'position', 'minutes', 'goals', 'assists', 'pens_made', 'pens_att', 'shots', 'shots_on_target', 'cards_yellow', 'cards_red', 'touches', 'tackles', 'interceptions', 'blocks', 'xg', 'npxg', 'xg_assist', 'sca', 'gca', 'passes_completed', 'passes', 'passes_pct', 'progressive_passes', 'carries', 'progressive_carries', 'take_ons', 'take_ons_won', 'match_report']
[2024-12-17T03:13:29.143+0000] {logging_mixin.py:149} INFO - Missing columns in william_saliba_match_logs_2023_2024.json: ['match_id', 'goals_scored', 'goals_conceded']
[2024-12-17T03:13:29.144+0000] {taskinstance.py:1824} ERROR - Task failed with exception
Traceback (most recent call last):
  File "/home/airflow/.local/lib/python3.8/site-packages/airflow/operators/python.py", line 181, in execute
    return_value = self.execute_callable()
  File "/home/airflow/.local/lib/python3.8/site-packages/airflow/operators/python.py", line 198, in execute_callable
    return self.python_callable(*self.op_args, **self.op_kwargs)
  File "/opt/airflow/dags/arsenal_mancity_etl.py", line 110, in etl_arsenal
    matches_df = pd.concat(all_matches).drop_duplicates()
  File "/home/airflow/.local/lib/python3.8/site-packages/pandas/util/_decorators.py", line 331, in wrapper
    return func(*args, **kwargs)
  File "/home/airflow/.local/lib/python3.8/site-packages/pandas/core/reshape/concat.py", line 368, in concat
    op = _Concatenator(
  File "/home/airflow/.local/lib/python3.8/site-packages/pandas/core/reshape/concat.py", line 425, in __init__
    raise ValueError("No objects to concatenate")
ValueError: No objects to concatenate
[2024-12-17T03:13:29.155+0000] {taskinstance.py:1345} INFO - Marking task as UP_FOR_RETRY. dag_id=arsenal_mancity_etl, task_id=arsenal_etl_group.etl_arsenal_task, execution_date=20241217T031326, start_date=20241217T031328, end_date=20241217T031329
[2024-12-17T03:13:29.162+0000] {standard_task_runner.py:104} ERROR - Failed to execute job 329 for task arsenal_etl_group.etl_arsenal_task (No objects to concatenate; 84630)
[2024-12-17T03:13:29.202+0000] {local_task_job_runner.py:225} INFO - Task exited with return code 1
[2024-12-17T03:13:29.238+0000] {taskinstance.py:2653} INFO - 0 downstream tasks scheduled from follow-on schedule check
