[2024-12-17T13:49:48.748+0000] {taskinstance.py:1103} INFO - Dependencies all met for dep_context=non-requeueable deps ti=<TaskInstance: arsenal_mancity_player_to_postgres.process_mancity_player manual__2024-12-17T13:49:38.885815+00:00 [queued]>
[2024-12-17T13:49:48.754+0000] {taskinstance.py:1103} INFO - Dependencies all met for dep_context=requeueable deps ti=<TaskInstance: arsenal_mancity_player_to_postgres.process_mancity_player manual__2024-12-17T13:49:38.885815+00:00 [queued]>
[2024-12-17T13:49:48.754+0000] {taskinstance.py:1308} INFO - Starting attempt 2 of 2
[2024-12-17T13:49:48.761+0000] {taskinstance.py:1327} INFO - Executing <Task(PythonOperator): process_mancity_player> on 2024-12-17 13:49:38.885815+00:00
[2024-12-17T13:49:48.764+0000] {standard_task_runner.py:57} INFO - Started process 32282 to run task
[2024-12-17T13:49:48.767+0000] {standard_task_runner.py:84} INFO - Running: ['***', 'tasks', 'run', 'arsenal_mancity_player_to_postgres', 'process_mancity_player', 'manual__2024-12-17T13:49:38.885815+00:00', '--job-id', '421', '--raw', '--subdir', 'DAGS_FOLDER/arsenal_mancity_player_to_postgres.py', '--cfg-path', '/tmp/tmpeik1x82w']
[2024-12-17T13:49:48.769+0000] {standard_task_runner.py:85} INFO - Job 421: Subtask process_mancity_player
[2024-12-17T13:49:48.810+0000] {task_command.py:410} INFO - Running <TaskInstance: arsenal_mancity_player_to_postgres.process_mancity_player manual__2024-12-17T13:49:38.885815+00:00 [running]> on host 653f470dc9b4
[2024-12-17T13:49:48.867+0000] {taskinstance.py:1545} INFO - Exporting env vars: AIRFLOW_CTX_DAG_OWNER='***' AIRFLOW_CTX_DAG_ID='arsenal_mancity_player_to_postgres' AIRFLOW_CTX_TASK_ID='process_mancity_player' AIRFLOW_CTX_EXECUTION_DATE='2024-12-17T13:49:38.885815+00:00' AIRFLOW_CTX_TRY_NUMBER='2' AIRFLOW_CTX_DAG_RUN_ID='manual__2024-12-17T13:49:38.885815+00:00'
[2024-12-17T13:49:48.867+0000] {logging_mixin.py:149} INFO - Downloading 'mancity_player.json' from bucket 'mancity-data'...
[2024-12-17T13:49:48.965+0000] {logging_mixin.py:149} INFO - File 'mancity_player.json' successfully downloaded to '/tmp/mancity_player.json'.
[2024-12-17T13:49:48.966+0000] {logging_mixin.py:149} INFO - Loading data from 'mancity_player.json' into PostgreSQL...
[2024-12-17T13:49:48.968+0000] {taskinstance.py:1824} ERROR - Task failed with exception
Traceback (most recent call last):
  File "/home/airflow/.local/lib/python3.8/site-packages/airflow/operators/python.py", line 181, in execute
    return_value = self.execute_callable()
  File "/home/airflow/.local/lib/python3.8/site-packages/airflow/operators/python.py", line 198, in execute_callable
    return self.python_callable(*self.op_args, **self.op_kwargs)
  File "/opt/airflow/dags/arsenal_mancity_player_to_postgres.py", line 115, in download_and_load
    load_json_to_postgres(file_name)
  File "/opt/airflow/dags/arsenal_mancity_player_to_postgres.py", line 74, in load_json_to_postgres
    conn = psycopg2.connect(
  File "/home/airflow/.local/lib/python3.8/site-packages/psycopg2/__init__.py", line 122, in connect
    conn = _connect(dsn, connection_factory=connection_factory, **kwasync)
psycopg2.OperationalError: connection to server at "***" (172.29.0.6), port 5432 failed: Connection refused
	Is the server running on that host and accepting TCP/IP connections?

[2024-12-17T13:49:48.979+0000] {taskinstance.py:1345} INFO - Marking task as FAILED. dag_id=arsenal_mancity_player_to_postgres, task_id=process_mancity_player, execution_date=20241217T134938, start_date=20241217T134948, end_date=20241217T134948
[2024-12-17T13:49:48.987+0000] {standard_task_runner.py:104} ERROR - Failed to execute job 421 for task process_mancity_player (connection to server at "***" (172.29.0.6), port 5432 failed: Connection refused
	Is the server running on that host and accepting TCP/IP connections?
; 32282)
[2024-12-17T13:49:49.030+0000] {local_task_job_runner.py:225} INFO - Task exited with return code 1
[2024-12-17T13:49:49.046+0000] {taskinstance.py:2653} INFO - 0 downstream tasks scheduled from follow-on schedule check
