[2024-12-17T03:27:03.877+0000] {taskinstance.py:1103} INFO - Dependencies all met for dep_context=non-requeueable deps ti=<TaskInstance: arsenal_mancity_etl.mancity_etl_group.etl_mancity_task manual__2024-12-17T03:27:01.212674+00:00 [queued]>
[2024-12-17T03:27:03.883+0000] {taskinstance.py:1103} INFO - Dependencies all met for dep_context=requeueable deps ti=<TaskInstance: arsenal_mancity_etl.mancity_etl_group.etl_mancity_task manual__2024-12-17T03:27:01.212674+00:00 [queued]>
[2024-12-17T03:27:03.883+0000] {taskinstance.py:1308} INFO - Starting attempt 1 of 2
[2024-12-17T03:27:03.891+0000] {taskinstance.py:1327} INFO - Executing <Task(PythonOperator): mancity_etl_group.etl_mancity_task> on 2024-12-17 03:27:01.212674+00:00
[2024-12-17T03:27:03.898+0000] {standard_task_runner.py:57} INFO - Started process 90324 to run task
[2024-12-17T03:27:03.901+0000] {standard_task_runner.py:84} INFO - Running: ['***', 'tasks', 'run', 'arsenal_mancity_etl', 'mancity_etl_group.etl_mancity_task', 'manual__2024-12-17T03:27:01.212674+00:00', '--job-id', '340', '--raw', '--subdir', 'DAGS_FOLDER/arsenal_mancity_etl.py', '--cfg-path', '/tmp/tmpccoeq8mm']
[2024-12-17T03:27:03.904+0000] {standard_task_runner.py:85} INFO - Job 340: Subtask mancity_etl_group.etl_mancity_task
[2024-12-17T03:27:03.993+0000] {task_command.py:410} INFO - Running <TaskInstance: arsenal_mancity_etl.mancity_etl_group.etl_mancity_task manual__2024-12-17T03:27:01.212674+00:00 [running]> on host 653f470dc9b4
[2024-12-17T03:27:04.096+0000] {taskinstance.py:1545} INFO - Exporting env vars: AIRFLOW_CTX_DAG_OWNER='***' AIRFLOW_CTX_DAG_ID='arsenal_mancity_etl' AIRFLOW_CTX_TASK_ID='mancity_etl_group.etl_mancity_task' AIRFLOW_CTX_EXECUTION_DATE='2024-12-17T03:27:01.212674+00:00' AIRFLOW_CTX_TRY_NUMBER='1' AIRFLOW_CTX_DAG_RUN_ID='manual__2024-12-17T03:27:01.212674+00:00'
[2024-12-17T03:27:04.723+0000] {logging_mixin.py:149} INFO - Processing file: ederson_match_logs_2023_2024.json
[2024-12-17T03:27:04.723+0000] {logging_mixin.py:149} INFO - Columns in DataFrame: ['', 'header_performance', 'header_pk', 'header_passes_launched', 'header_passes', 'header_goal_kicks', 'header_crosses_gk', 'header_sweeper', 'date', 'dayofweek', 'comp', 'round', 'venue', 'result', 'team', 'opponent', 'game_started', 'position', 'minutes', 'gk_shots_on_target_against', 'gk_goals_against', 'gk_saves', 'gk_save_pct', 'gk_clean_sheets', 'gk_psxg', 'gk_pens_att', 'gk_pens_allowed', 'gk_pens_saved', 'gk_pens_missed', 'gk_passes_completed_launched', 'gk_passes_launched', 'gk_passes_pct_launched', 'gk_passes', 'gk_passes_throws', 'gk_pct_passes_launched', 'gk_passes_length_avg', 'gk_goal_kicks', 'gk_pct_goal_kicks_launched', 'gk_goal_kick_length_avg', 'gk_crosses', 'gk_crosses_stopped', 'gk_crosses_stopped_pct', 'gk_def_actions_outside_pen_area', 'gk_avg_distance_def_actions', 'match_report']
[2024-12-17T03:27:04.724+0000] {logging_mixin.py:149} INFO - Missing columns in ederson_match_logs_2023_2024.json: ['goals', 'goals_against']
[2024-12-17T03:27:04.741+0000] {logging_mixin.py:149} INFO - Processing file: erling_haaland_match_logs_2023_2024.json
[2024-12-17T03:27:04.741+0000] {logging_mixin.py:149} INFO - Columns in DataFrame: ['', 'header_performance', 'header_expected', 'header_sca', 'header_passes', 'header_carries', 'header_take_ons', 'date', 'dayofweek', 'comp', 'round', 'venue', 'result', 'team', 'opponent', 'game_started', 'position', 'minutes', 'goals', 'assists', 'pens_made', 'pens_att', 'shots', 'shots_on_target', 'cards_yellow', 'cards_red', 'touches', 'tackles', 'interceptions', 'blocks', 'xg', 'npxg', 'xg_assist', 'sca', 'gca', 'passes_completed', 'passes', 'passes_pct', 'progressive_passes', 'carries', 'progressive_carries', 'take_ons', 'take_ons_won', 'match_report']
[2024-12-17T03:27:04.741+0000] {logging_mixin.py:149} INFO - Missing columns in erling_haaland_match_logs_2023_2024.json: ['goals_against']
[2024-12-17T03:27:04.757+0000] {logging_mixin.py:149} INFO - Processing file: jack_grealish_match_logs_2023_2024.json
[2024-12-17T03:27:04.757+0000] {logging_mixin.py:149} INFO - Columns in DataFrame: ['', 'header_performance', 'header_expected', 'header_sca', 'header_passes', 'header_carries', 'header_take_ons', 'date', 'dayofweek', 'comp', 'round', 'venue', 'result', 'team', 'opponent', 'game_started', 'position', 'minutes', 'goals', 'assists', 'pens_made', 'pens_att', 'shots', 'shots_on_target', 'cards_yellow', 'cards_red', 'touches', 'tackles', 'interceptions', 'blocks', 'xg', 'npxg', 'xg_assist', 'sca', 'gca', 'passes_completed', 'passes', 'passes_pct', 'progressive_passes', 'carries', 'progressive_carries', 'take_ons', 'take_ons_won', 'match_report']
[2024-12-17T03:27:04.757+0000] {logging_mixin.py:149} INFO - Missing columns in jack_grealish_match_logs_2023_2024.json: ['goals_against']
[2024-12-17T03:27:04.771+0000] {logging_mixin.py:149} INFO - Processing file: josko_gvardiol_match_logs_2023_2024.json
[2024-12-17T03:27:04.771+0000] {logging_mixin.py:149} INFO - Columns in DataFrame: ['', 'header_performance', 'header_expected', 'header_sca', 'header_passes', 'header_carries', 'header_take_ons', 'date', 'dayofweek', 'comp', 'round', 'venue', 'result', 'team', 'opponent', 'game_started', 'position', 'minutes', 'goals', 'assists', 'pens_made', 'pens_att', 'shots', 'shots_on_target', 'cards_yellow', 'cards_red', 'touches', 'tackles', 'interceptions', 'blocks', 'xg', 'npxg', 'xg_assist', 'sca', 'gca', 'passes_completed', 'passes', 'passes_pct', 'progressive_passes', 'carries', 'progressive_carries', 'take_ons', 'take_ons_won', 'match_report']
[2024-12-17T03:27:04.772+0000] {logging_mixin.py:149} INFO - Missing columns in josko_gvardiol_match_logs_2023_2024.json: ['goals_against']
[2024-12-17T03:27:04.791+0000] {logging_mixin.py:149} INFO - Processing file: kevin_de_bruyne_match_logs_2023_2024.json
[2024-12-17T03:27:04.791+0000] {logging_mixin.py:149} INFO - Columns in DataFrame: ['', 'header_performance', 'header_expected', 'header_sca', 'header_passes', 'header_carries', 'header_take_ons', 'date', 'dayofweek', 'comp', 'round', 'venue', 'result', 'team', 'opponent', 'game_started', 'position', 'minutes', 'goals', 'assists', 'pens_made', 'pens_att', 'shots', 'shots_on_target', 'cards_yellow', 'cards_red', 'touches', 'tackles', 'interceptions', 'blocks', 'xg', 'npxg', 'xg_assist', 'sca', 'gca', 'passes_completed', 'passes', 'passes_pct', 'progressive_passes', 'carries', 'progressive_carries', 'take_ons', 'take_ons_won', 'match_report']
[2024-12-17T03:27:04.792+0000] {logging_mixin.py:149} INFO - Missing columns in kevin_de_bruyne_match_logs_2023_2024.json: ['goals_against']
[2024-12-17T03:27:04.807+0000] {logging_mixin.py:149} INFO - Processing file: kyle_walker_match_logs_2023_2024.json
[2024-12-17T03:27:04.807+0000] {logging_mixin.py:149} INFO - Columns in DataFrame: ['', 'header_performance', 'header_expected', 'header_sca', 'header_passes', 'header_carries', 'header_take_ons', 'date', 'dayofweek', 'comp', 'round', 'venue', 'result', 'team', 'opponent', 'game_started', 'position', 'minutes', 'goals', 'assists', 'pens_made', 'pens_att', 'shots', 'shots_on_target', 'cards_yellow', 'cards_red', 'touches', 'tackles', 'interceptions', 'blocks', 'xg', 'npxg', 'xg_assist', 'sca', 'gca', 'passes_completed', 'passes', 'passes_pct', 'progressive_passes', 'carries', 'progressive_carries', 'take_ons', 'take_ons_won', 'match_report']
[2024-12-17T03:27:04.807+0000] {logging_mixin.py:149} INFO - Missing columns in kyle_walker_match_logs_2023_2024.json: ['goals_against']
[2024-12-17T03:27:04.821+0000] {logging_mixin.py:149} INFO - Processing file: manuel_akanji_match_logs_2023_2024.json
[2024-12-17T03:27:04.822+0000] {logging_mixin.py:149} INFO - Columns in DataFrame: ['', 'header_performance', 'header_expected', 'header_sca', 'header_passes', 'header_carries', 'header_take_ons', 'date', 'dayofweek', 'comp', 'round', 'venue', 'result', 'team', 'opponent', 'game_started', 'position', 'minutes', 'goals', 'assists', 'pens_made', 'pens_att', 'shots', 'shots_on_target', 'cards_yellow', 'cards_red', 'touches', 'tackles', 'interceptions', 'blocks', 'xg', 'npxg', 'xg_assist', 'sca', 'gca', 'passes_completed', 'passes', 'passes_pct', 'progressive_passes', 'carries', 'progressive_carries', 'take_ons', 'take_ons_won', 'match_report']
[2024-12-17T03:27:04.822+0000] {logging_mixin.py:149} INFO - Missing columns in manuel_akanji_match_logs_2023_2024.json: ['goals_against']
[2024-12-17T03:27:04.836+0000] {logging_mixin.py:149} INFO - Processing file: mateo_kovacic_match_logs_2023_2024.json
[2024-12-17T03:27:04.836+0000] {logging_mixin.py:149} INFO - Columns in DataFrame: ['', 'header_performance', 'header_expected', 'header_sca', 'header_passes', 'header_carries', 'header_take_ons', 'date', 'dayofweek', 'comp', 'round', 'venue', 'result', 'team', 'opponent', 'game_started', 'position', 'minutes', 'goals', 'assists', 'pens_made', 'pens_att', 'shots', 'shots_on_target', 'cards_yellow', 'cards_red', 'touches', 'tackles', 'interceptions', 'blocks', 'xg', 'npxg', 'xg_assist', 'sca', 'gca', 'passes_completed', 'passes', 'passes_pct', 'progressive_passes', 'carries', 'progressive_carries', 'take_ons', 'take_ons_won', 'match_report']
[2024-12-17T03:27:04.836+0000] {logging_mixin.py:149} INFO - Missing columns in mateo_kovacic_match_logs_2023_2024.json: ['goals_against']
[2024-12-17T03:27:04.858+0000] {logging_mixin.py:149} INFO - Processing file: nathan_ake_match_logs_2023_2024.json
[2024-12-17T03:27:04.859+0000] {logging_mixin.py:149} INFO - Columns in DataFrame: ['', 'header_performance', 'header_expected', 'header_sca', 'header_passes', 'header_carries', 'header_take_ons', 'date', 'dayofweek', 'comp', 'round', 'venue', 'result', 'team', 'opponent', 'game_started', 'position', 'minutes', 'goals', 'assists', 'pens_made', 'pens_att', 'shots', 'shots_on_target', 'cards_yellow', 'cards_red', 'touches', 'tackles', 'interceptions', 'blocks', 'xg', 'npxg', 'xg_assist', 'sca', 'gca', 'passes_completed', 'passes', 'passes_pct', 'progressive_passes', 'carries', 'progressive_carries', 'take_ons', 'take_ons_won', 'match_report']
[2024-12-17T03:27:04.859+0000] {logging_mixin.py:149} INFO - Missing columns in nathan_ake_match_logs_2023_2024.json: ['goals_against']
[2024-12-17T03:27:04.875+0000] {logging_mixin.py:149} INFO - Processing file: phil_foden_match_logs_2023_2024.json
[2024-12-17T03:27:04.876+0000] {logging_mixin.py:149} INFO - Columns in DataFrame: ['', 'header_performance', 'header_expected', 'header_sca', 'header_passes', 'header_carries', 'header_take_ons', 'date', 'dayofweek', 'comp', 'round', 'venue', 'result', 'team', 'opponent', 'game_started', 'position', 'minutes', 'goals', 'assists', 'pens_made', 'pens_att', 'shots', 'shots_on_target', 'cards_yellow', 'cards_red', 'touches', 'tackles', 'interceptions', 'blocks', 'xg', 'npxg', 'xg_assist', 'sca', 'gca', 'passes_completed', 'passes', 'passes_pct', 'progressive_passes', 'carries', 'progressive_carries', 'take_ons', 'take_ons_won', 'match_report']
[2024-12-17T03:27:04.876+0000] {logging_mixin.py:149} INFO - Missing columns in phil_foden_match_logs_2023_2024.json: ['goals_against']
[2024-12-17T03:27:04.891+0000] {logging_mixin.py:149} INFO - Processing file: rodri_match_logs_2023_2024.json
[2024-12-17T03:27:04.891+0000] {logging_mixin.py:149} INFO - Columns in DataFrame: ['', 'header_performance', 'header_expected', 'header_sca', 'header_passes', 'header_carries', 'header_take_ons', 'date', 'dayofweek', 'comp', 'round', 'venue', 'result', 'team', 'opponent', 'game_started', 'position', 'minutes', 'goals', 'assists', 'pens_made', 'pens_att', 'shots', 'shots_on_target', 'cards_yellow', 'cards_red', 'touches', 'tackles', 'interceptions', 'blocks', 'xg', 'npxg', 'xg_assist', 'sca', 'gca', 'passes_completed', 'passes', 'passes_pct', 'progressive_passes', 'carries', 'progressive_carries', 'take_ons', 'take_ons_won', 'match_report']
[2024-12-17T03:27:04.891+0000] {logging_mixin.py:149} INFO - Missing columns in rodri_match_logs_2023_2024.json: ['goals_against']
[2024-12-17T03:27:04.891+0000] {logging_mixin.py:149} INFO - No matches data to save.
[2024-12-17T03:27:04.892+0000] {logging_mixin.py:149} INFO - No player stats data to save.
[2024-12-17T03:27:04.892+0000] {logging_mixin.py:149} INFO - No goalkeeper stats data to save.
[2024-12-17T03:27:04.892+0000] {logging_mixin.py:149} INFO - ETL ManCity Selesai. Data berhasil dimuat ke PostgreSQL.
[2024-12-17T03:27:04.892+0000] {python.py:183} INFO - Done. Returned value was: None
[2024-12-17T03:27:04.920+0000] {taskinstance.py:1345} INFO - Marking task as SUCCESS. dag_id=arsenal_mancity_etl, task_id=mancity_etl_group.etl_mancity_task, execution_date=20241217T032701, start_date=20241217T032703, end_date=20241217T032704
[2024-12-17T03:27:05.012+0000] {local_task_job_runner.py:225} INFO - Task exited with return code 0
[2024-12-17T03:27:05.155+0000] {taskinstance.py:2653} INFO - 0 downstream tasks scheduled from follow-on schedule check
