[2024-12-17T03:47:10.735+0000] {taskinstance.py:1103} INFO - Dependencies all met for dep_context=non-requeueable deps ti=<TaskInstance: etl_dag.load_data manual__2024-12-17T03:47:09.222616+00:00 [queued]>
[2024-12-17T03:47:10.739+0000] {taskinstance.py:1103} INFO - Dependencies all met for dep_context=requeueable deps ti=<TaskInstance: etl_dag.load_data manual__2024-12-17T03:47:09.222616+00:00 [queued]>
[2024-12-17T03:47:10.739+0000] {taskinstance.py:1308} INFO - Starting attempt 1 of 1
[2024-12-17T03:47:10.745+0000] {taskinstance.py:1327} INFO - Executing <Task(PythonOperator): load_data> on 2024-12-17 03:47:09.222616+00:00
[2024-12-17T03:47:10.778+0000] {standard_task_runner.py:57} INFO - Started process 98732 to run task
[2024-12-17T03:47:10.787+0000] {standard_task_runner.py:84} INFO - Running: ['***', 'tasks', 'run', 'etl_dag', 'load_data', 'manual__2024-12-17T03:47:09.222616+00:00', '--job-id', '343', '--raw', '--subdir', 'DAGS_FOLDER/etl_dag.py', '--cfg-path', '/tmp/tmp3awp7huv']
[2024-12-17T03:47:10.794+0000] {standard_task_runner.py:85} INFO - Job 343: Subtask load_data
[2024-12-17T03:47:10.868+0000] {task_command.py:410} INFO - Running <TaskInstance: etl_dag.load_data manual__2024-12-17T03:47:09.222616+00:00 [running]> on host 653f470dc9b4
[2024-12-17T03:47:10.924+0000] {taskinstance.py:1545} INFO - Exporting env vars: AIRFLOW_CTX_DAG_OWNER='***' AIRFLOW_CTX_DAG_ID='etl_dag' AIRFLOW_CTX_TASK_ID='load_data' AIRFLOW_CTX_EXECUTION_DATE='2024-12-17T03:47:09.222616+00:00' AIRFLOW_CTX_TRY_NUMBER='1' AIRFLOW_CTX_DAG_RUN_ID='manual__2024-12-17T03:47:09.222616+00:00'
[2024-12-17T03:47:11.174+0000] {logging_mixin.py:149} INFO - Error fetching object from MinIO: An error occurred (InvalidBucketName) when calling the GetObject operation: The specified bucket is not valid.
[2024-12-17T03:47:11.174+0000] {taskinstance.py:1824} ERROR - Task failed with exception
Traceback (most recent call last):
  File "/home/airflow/.local/lib/python3.8/site-packages/airflow/operators/python.py", line 181, in execute
    return_value = self.execute_callable()
  File "/home/airflow/.local/lib/python3.8/site-packages/airflow/operators/python.py", line 198, in execute_callable
    return self.python_callable(*self.op_args, **self.op_kwargs)
  File "/opt/airflow/dags/etl_dag.py", line 31, in load_data_to_postgres
    response = minio_client.get_object(Bucket=bucket_name, Key=object_key)
  File "/home/airflow/.local/lib/python3.8/site-packages/botocore/client.py", line 530, in _api_call
    return self._make_api_call(operation_name, kwargs)
  File "/home/airflow/.local/lib/python3.8/site-packages/botocore/client.py", line 960, in _make_api_call
    raise error_class(parsed_response, operation_name)
botocore.exceptions.ClientError: An error occurred (InvalidBucketName) when calling the GetObject operation: The specified bucket is not valid.
[2024-12-17T03:47:11.183+0000] {taskinstance.py:1345} INFO - Marking task as FAILED. dag_id=etl_dag, task_id=load_data, execution_date=20241217T034709, start_date=20241217T034710, end_date=20241217T034711
[2024-12-17T03:47:11.189+0000] {standard_task_runner.py:104} ERROR - Failed to execute job 343 for task load_data (An error occurred (InvalidBucketName) when calling the GetObject operation: The specified bucket is not valid.; 98732)
[2024-12-17T03:47:11.229+0000] {local_task_job_runner.py:225} INFO - Task exited with return code 1
[2024-12-17T03:47:11.256+0000] {taskinstance.py:2653} INFO - 0 downstream tasks scheduled from follow-on schedule check
