[2024-12-13T21:57:10.088+0000] {taskinstance.py:1103} INFO - Dependencies all met for dep_context=non-requeueable deps ti=<TaskInstance: etl_premierleague_to_analisis.transfer_erling_haaland_logs manual__2024-12-13T21:56:42.352606+00:00 [queued]>
[2024-12-13T21:57:10.168+0000] {taskinstance.py:1103} INFO - Dependencies all met for dep_context=requeueable deps ti=<TaskInstance: etl_premierleague_to_analisis.transfer_erling_haaland_logs manual__2024-12-13T21:56:42.352606+00:00 [queued]>
[2024-12-13T21:57:10.171+0000] {taskinstance.py:1308} INFO - Starting attempt 1 of 2
[2024-12-13T21:57:10.446+0000] {taskinstance.py:1327} INFO - Executing <Task(PythonOperator): transfer_erling_haaland_logs> on 2024-12-13 21:56:42.352606+00:00
[2024-12-13T21:57:10.654+0000] {standard_task_runner.py:57} INFO - Started process 66559 to run task
[2024-12-13T21:57:10.802+0000] {standard_task_runner.py:84} INFO - Running: ['***', 'tasks', 'run', 'etl_premierleague_to_analisis', 'transfer_erling_haaland_logs', 'manual__2024-12-13T21:56:42.352606+00:00', '--job-id', '213', '--raw', '--subdir', 'DAGS_FOLDER/etl_premierleague_to_analisis.py', '--cfg-path', '/tmp/tmpl20zjqsu']
[2024-12-13T21:57:10.943+0000] {standard_task_runner.py:85} INFO - Job 213: Subtask transfer_erling_haaland_logs
[2024-12-13T21:57:14.076+0000] {task_command.py:410} INFO - Running <TaskInstance: etl_premierleague_to_analisis.transfer_erling_haaland_logs manual__2024-12-13T21:56:42.352606+00:00 [running]> on host 653f470dc9b4
[2024-12-13T21:57:16.544+0000] {taskinstance.py:1545} INFO - Exporting env vars: AIRFLOW_CTX_DAG_OWNER='***' AIRFLOW_CTX_DAG_ID='etl_premierleague_to_analisis' AIRFLOW_CTX_TASK_ID='transfer_erling_haaland_logs' AIRFLOW_CTX_EXECUTION_DATE='2024-12-13T21:56:42.352606+00:00' AIRFLOW_CTX_TRY_NUMBER='1' AIRFLOW_CTX_DAG_RUN_ID='manual__2024-12-13T21:56:42.352606+00:00'
[2024-12-13T21:57:16.623+0000] {base.py:73} INFO - Using connection ID 'shared_postgres' for task execution.
[2024-12-13T21:57:16.715+0000] {sql.py:375} INFO - Running statement: SELECT match_id, player_id, minutes_played, goals, assists, shots, shots_on_target, tackles, interceptions, passes_completed, xg, xa FROM premierleague.public.erling_haaland_logs, parameters: None
[2024-12-13T21:57:16.736+0000] {taskinstance.py:1824} ERROR - Task failed with exception
Traceback (most recent call last):
  File "/home/airflow/.local/lib/python3.8/site-packages/airflow/operators/python.py", line 181, in execute
    return_value = self.execute_callable()
  File "/home/airflow/.local/lib/python3.8/site-packages/airflow/operators/python.py", line 198, in execute_callable
    return self.python_callable(*self.op_args, **self.op_kwargs)
  File "/opt/airflow/dags/etl_premierleague_to_analisis.py", line 21, in transfer_table_in_same_connection
    source_data = db_hook.get_records(source_query)
  File "/home/airflow/.local/lib/python3.8/site-packages/airflow/providers/common/sql/hooks/sql.py", line 235, in get_records
    return self.run(sql=sql, parameters=parameters, handler=fetch_all_handler)
  File "/home/airflow/.local/lib/python3.8/site-packages/airflow/providers/common/sql/hooks/sql.py", line 349, in run
    self._run_command(cur, sql_statement, parameters)
  File "/home/airflow/.local/lib/python3.8/site-packages/airflow/providers/common/sql/hooks/sql.py", line 380, in _run_command
    cur.execute(sql_statement)
psycopg2.errors.UndefinedTable: relation "public.erling_haaland_logs" does not exist
LINE 1: ...les, interceptions, passes_completed, xg, xa FROM premierlea...
                                                             ^

[2024-12-13T21:57:16.817+0000] {taskinstance.py:1345} INFO - Marking task as UP_FOR_RETRY. dag_id=etl_premierleague_to_analisis, task_id=transfer_erling_haaland_logs, execution_date=20241213T215642, start_date=20241213T215710, end_date=20241213T215716
[2024-12-13T21:57:16.923+0000] {standard_task_runner.py:104} ERROR - Failed to execute job 213 for task transfer_erling_haaland_logs (relation "public.erling_haaland_logs" does not exist
LINE 1: ...les, interceptions, passes_completed, xg, xa FROM premierlea...
                                                             ^
; 66559)
[2024-12-13T21:57:17.025+0000] {local_task_job_runner.py:225} INFO - Task exited with return code 1
[2024-12-13T21:57:18.858+0000] {taskinstance.py:2653} INFO - 0 downstream tasks scheduled from follow-on schedule check
