[2024-12-17T03:20:11.684+0000] {taskinstance.py:1103} INFO - Dependencies all met for dep_context=non-requeueable deps ti=<TaskInstance: arsenal_mancity_etl.arsenal_etl_group.etl_arsenal_task manual__2024-12-17T03:20:08.365037+00:00 [queued]>
[2024-12-17T03:20:11.690+0000] {taskinstance.py:1103} INFO - Dependencies all met for dep_context=requeueable deps ti=<TaskInstance: arsenal_mancity_etl.arsenal_etl_group.etl_arsenal_task manual__2024-12-17T03:20:08.365037+00:00 [queued]>
[2024-12-17T03:20:11.691+0000] {taskinstance.py:1308} INFO - Starting attempt 1 of 2
[2024-12-17T03:20:11.699+0000] {taskinstance.py:1327} INFO - Executing <Task(PythonOperator): arsenal_etl_group.etl_arsenal_task> on 2024-12-17 03:20:08.365037+00:00
[2024-12-17T03:20:11.711+0000] {standard_task_runner.py:57} INFO - Started process 87472 to run task
[2024-12-17T03:20:11.713+0000] {standard_task_runner.py:84} INFO - Running: ['***', 'tasks', 'run', 'arsenal_mancity_etl', 'arsenal_etl_group.etl_arsenal_task', 'manual__2024-12-17T03:20:08.365037+00:00', '--job-id', '335', '--raw', '--subdir', 'DAGS_FOLDER/arsenal_mancity_etl.py', '--cfg-path', '/tmp/tmp9hrhbc1u']
[2024-12-17T03:20:11.716+0000] {standard_task_runner.py:85} INFO - Job 335: Subtask arsenal_etl_group.etl_arsenal_task
[2024-12-17T03:20:11.780+0000] {task_command.py:410} INFO - Running <TaskInstance: arsenal_mancity_etl.arsenal_etl_group.etl_arsenal_task manual__2024-12-17T03:20:08.365037+00:00 [running]> on host 653f470dc9b4
[2024-12-17T03:20:11.863+0000] {taskinstance.py:1545} INFO - Exporting env vars: AIRFLOW_CTX_DAG_OWNER='***' AIRFLOW_CTX_DAG_ID='arsenal_mancity_etl' AIRFLOW_CTX_TASK_ID='arsenal_etl_group.etl_arsenal_task' AIRFLOW_CTX_EXECUTION_DATE='2024-12-17T03:20:08.365037+00:00' AIRFLOW_CTX_TRY_NUMBER='1' AIRFLOW_CTX_DAG_RUN_ID='manual__2024-12-17T03:20:08.365037+00:00'
[2024-12-17T03:20:12.611+0000] {logging_mixin.py:149} INFO - Processing file: ben_white_match_logs_2023_2024.json
[2024-12-17T03:20:12.611+0000] {logging_mixin.py:149} INFO - Columns in DataFrame: ['', 'header_performance', 'header_expected', 'header_sca', 'header_passes', 'header_carries', 'header_take_ons', 'date', 'dayofweek', 'comp', 'round', 'venue', 'result', 'team', 'opponent', 'game_started', 'position', 'minutes', 'goals', 'assists', 'pens_made', 'pens_att', 'shots', 'shots_on_target', 'cards_yellow', 'cards_red', 'touches', 'tackles', 'interceptions', 'blocks', 'xg', 'npxg', 'xg_assist', 'sca', 'gca', 'passes_completed', 'passes', 'passes_pct', 'progressive_passes', 'carries', 'progressive_carries', 'take_ons', 'take_ons_won', 'match_report']
[2024-12-17T03:20:12.612+0000] {logging_mixin.py:149} INFO - Missing columns in ben_white_match_logs_2023_2024.json: ['goals_against']
[2024-12-17T03:20:12.630+0000] {logging_mixin.py:149} INFO - Processing file: bukayo_saka_match_logs_2023_2024.json
[2024-12-17T03:20:12.630+0000] {logging_mixin.py:149} INFO - Columns in DataFrame: ['', 'header_performance', 'header_expected', 'header_sca', 'header_passes', 'header_carries', 'header_take_ons', 'date', 'dayofweek', 'comp', 'round', 'venue', 'result', 'team', 'opponent', 'game_started', 'position', 'minutes', 'goals', 'assists', 'pens_made', 'pens_att', 'shots', 'shots_on_target', 'cards_yellow', 'cards_red', 'touches', 'tackles', 'interceptions', 'blocks', 'xg', 'npxg', 'xg_assist', 'sca', 'gca', 'passes_completed', 'passes', 'passes_pct', 'progressive_passes', 'carries', 'progressive_carries', 'take_ons', 'take_ons_won', 'match_report']
[2024-12-17T03:20:12.631+0000] {logging_mixin.py:149} INFO - Missing columns in bukayo_saka_match_logs_2023_2024.json: ['goals_against']
[2024-12-17T03:20:12.649+0000] {logging_mixin.py:149} INFO - Processing file: david_raya_match_logs_2023_2024.json
[2024-12-17T03:20:12.650+0000] {logging_mixin.py:149} INFO - Columns in DataFrame: ['', 'header_performance', 'header_pk', 'header_passes_launched', 'header_passes', 'header_goal_kicks', 'header_crosses_gk', 'header_sweeper', 'date', 'dayofweek', 'comp', 'round', 'venue', 'result', 'team', 'opponent', 'game_started', 'position', 'minutes', 'gk_shots_on_target_against', 'gk_goals_against', 'gk_saves', 'gk_save_pct', 'gk_clean_sheets', 'gk_psxg', 'gk_pens_att', 'gk_pens_allowed', 'gk_pens_saved', 'gk_pens_missed', 'gk_passes_completed_launched', 'gk_passes_launched', 'gk_passes_pct_launched', 'gk_passes', 'gk_passes_throws', 'gk_pct_passes_launched', 'gk_passes_length_avg', 'gk_goal_kicks', 'gk_pct_goal_kicks_launched', 'gk_goal_kick_length_avg', 'gk_crosses', 'gk_crosses_stopped', 'gk_crosses_stopped_pct', 'gk_def_actions_outside_pen_area', 'gk_avg_distance_def_actions', 'match_report']
[2024-12-17T03:20:12.650+0000] {logging_mixin.py:149} INFO - Missing columns in david_raya_match_logs_2023_2024.json: ['goals', 'goals_against']
[2024-12-17T03:20:12.670+0000] {logging_mixin.py:149} INFO - Processing file: declan_rice_match_logs_2023_2024.json
[2024-12-17T03:20:12.670+0000] {logging_mixin.py:149} INFO - Columns in DataFrame: ['', 'header_performance', 'header_expected', 'header_sca', 'header_passes', 'header_carries', 'header_take_ons', 'date', 'dayofweek', 'comp', 'round', 'venue', 'result', 'team', 'opponent', 'game_started', 'position', 'minutes', 'goals', 'assists', 'pens_made', 'pens_att', 'shots', 'shots_on_target', 'cards_yellow', 'cards_red', 'touches', 'tackles', 'interceptions', 'blocks', 'xg', 'npxg', 'xg_assist', 'sca', 'gca', 'passes_completed', 'passes', 'passes_pct', 'progressive_passes', 'carries', 'progressive_carries', 'take_ons', 'take_ons_won', 'match_report']
[2024-12-17T03:20:12.670+0000] {logging_mixin.py:149} INFO - Missing columns in declan_rice_match_logs_2023_2024.json: ['goals_against']
[2024-12-17T03:20:12.686+0000] {logging_mixin.py:149} INFO - Processing file: gabriel_magalhaes_match_logs_2023_2024.json
[2024-12-17T03:20:12.686+0000] {logging_mixin.py:149} INFO - Columns in DataFrame: ['', 'header_performance', 'header_expected', 'header_sca', 'header_passes', 'header_carries', 'header_take_ons', 'date', 'dayofweek', 'comp', 'round', 'venue', 'result', 'team', 'opponent', 'game_started', 'position', 'minutes', 'goals', 'assists', 'pens_made', 'pens_att', 'shots', 'shots_on_target', 'cards_yellow', 'cards_red', 'touches', 'tackles', 'interceptions', 'blocks', 'xg', 'npxg', 'xg_assist', 'sca', 'gca', 'passes_completed', 'passes', 'passes_pct', 'progressive_passes', 'carries', 'progressive_carries', 'take_ons', 'take_ons_won', 'match_report']
[2024-12-17T03:20:12.686+0000] {logging_mixin.py:149} INFO - Missing columns in gabriel_magalhaes_match_logs_2023_2024.json: ['goals_against']
[2024-12-17T03:20:12.701+0000] {logging_mixin.py:149} INFO - Processing file: gabriel_martinelli_match_logs_2023_2024.json
[2024-12-17T03:20:12.701+0000] {logging_mixin.py:149} INFO - Columns in DataFrame: ['', 'header_performance', 'header_expected', 'header_sca', 'header_passes', 'header_carries', 'header_take_ons', 'date', 'dayofweek', 'comp', 'round', 'venue', 'result', 'team', 'opponent', 'game_started', 'position', 'minutes', 'goals', 'assists', 'pens_made', 'pens_att', 'shots', 'shots_on_target', 'cards_yellow', 'cards_red', 'touches', 'tackles', 'interceptions', 'blocks', 'xg', 'npxg', 'xg_assist', 'sca', 'gca', 'passes_completed', 'passes', 'passes_pct', 'progressive_passes', 'carries', 'progressive_carries', 'take_ons', 'take_ons_won', 'match_report']
[2024-12-17T03:20:12.701+0000] {logging_mixin.py:149} INFO - Missing columns in gabriel_martinelli_match_logs_2023_2024.json: ['goals_against']
[2024-12-17T03:20:12.716+0000] {logging_mixin.py:149} INFO - Processing file: kai_havertz_match_logs_2023_2024.json
[2024-12-17T03:20:12.717+0000] {logging_mixin.py:149} INFO - Columns in DataFrame: ['', 'header_performance', 'header_expected', 'header_sca', 'header_passes', 'header_carries', 'header_take_ons', 'date', 'dayofweek', 'comp', 'round', 'venue', 'result', 'team', 'opponent', 'game_started', 'position', 'minutes', 'goals', 'assists', 'pens_made', 'pens_att', 'shots', 'shots_on_target', 'cards_yellow', 'cards_red', 'touches', 'tackles', 'interceptions', 'blocks', 'xg', 'npxg', 'xg_assist', 'sca', 'gca', 'passes_completed', 'passes', 'passes_pct', 'progressive_passes', 'carries', 'progressive_carries', 'take_ons', 'take_ons_won', 'match_report']
[2024-12-17T03:20:12.717+0000] {logging_mixin.py:149} INFO - Missing columns in kai_havertz_match_logs_2023_2024.json: ['goals_against']
[2024-12-17T03:20:12.733+0000] {logging_mixin.py:149} INFO - Processing file: martin_odegaard_match_logs_2023_2024.json
[2024-12-17T03:20:12.733+0000] {logging_mixin.py:149} INFO - Columns in DataFrame: ['', 'header_performance', 'header_expected', 'header_sca', 'header_passes', 'header_carries', 'header_take_ons', 'date', 'dayofweek', 'comp', 'round', 'venue', 'result', 'team', 'opponent', 'game_started', 'position', 'minutes', 'goals', 'assists', 'pens_made', 'pens_att', 'shots', 'shots_on_target', 'cards_yellow', 'cards_red', 'touches', 'tackles', 'interceptions', 'blocks', 'xg', 'npxg', 'xg_assist', 'sca', 'gca', 'passes_completed', 'passes', 'passes_pct', 'progressive_passes', 'carries', 'progressive_carries', 'take_ons', 'take_ons_won', 'match_report']
[2024-12-17T03:20:12.734+0000] {logging_mixin.py:149} INFO - Missing columns in martin_odegaard_match_logs_2023_2024.json: ['goals_against']
[2024-12-17T03:20:12.748+0000] {logging_mixin.py:149} INFO - Processing file: oleksandr_zinchenko_match_logs_2023_2024.json
[2024-12-17T03:20:12.748+0000] {logging_mixin.py:149} INFO - Columns in DataFrame: ['', 'header_performance', 'header_expected', 'header_sca', 'header_passes', 'header_carries', 'header_take_ons', 'date', 'dayofweek', 'comp', 'round', 'venue', 'result', 'team', 'opponent', 'game_started', 'position', 'minutes', 'goals', 'assists', 'pens_made', 'pens_att', 'shots', 'shots_on_target', 'cards_yellow', 'cards_red', 'touches', 'tackles', 'interceptions', 'blocks', 'xg', 'npxg', 'xg_assist', 'sca', 'gca', 'passes_completed', 'passes', 'passes_pct', 'progressive_passes', 'carries', 'progressive_carries', 'take_ons', 'take_ons_won', 'match_report']
[2024-12-17T03:20:12.748+0000] {logging_mixin.py:149} INFO - Missing columns in oleksandr_zinchenko_match_logs_2023_2024.json: ['goals_against']
[2024-12-17T03:20:12.764+0000] {logging_mixin.py:149} INFO - Processing file: thomas_partey_match_logs_2023_2024.json
[2024-12-17T03:20:12.764+0000] {logging_mixin.py:149} INFO - Columns in DataFrame: ['', 'header_performance', 'header_expected', 'header_sca', 'header_passes', 'header_carries', 'header_take_ons', 'date', 'dayofweek', 'comp', 'round', 'venue', 'result', 'team', 'opponent', 'game_started', 'position', 'minutes', 'goals', 'assists', 'pens_made', 'pens_att', 'shots', 'shots_on_target', 'cards_yellow', 'cards_red', 'touches', 'tackles', 'interceptions', 'blocks', 'xg', 'npxg', 'xg_assist', 'sca', 'gca', 'passes_completed', 'passes', 'passes_pct', 'progressive_passes', 'carries', 'progressive_carries', 'take_ons', 'take_ons_won', 'match_report']
[2024-12-17T03:20:12.764+0000] {logging_mixin.py:149} INFO - Missing columns in thomas_partey_match_logs_2023_2024.json: ['goals_against']
[2024-12-17T03:20:12.778+0000] {logging_mixin.py:149} INFO - Processing file: william_saliba_match_logs_2023_2024.json
[2024-12-17T03:20:12.779+0000] {logging_mixin.py:149} INFO - Columns in DataFrame: ['', 'header_performance', 'header_expected', 'header_sca', 'header_passes', 'header_carries', 'header_take_ons', 'date', 'dayofweek', 'comp', 'round', 'venue', 'result', 'team', 'opponent', 'game_started', 'position', 'minutes', 'goals', 'assists', 'pens_made', 'pens_att', 'shots', 'shots_on_target', 'cards_yellow', 'cards_red', 'touches', 'tackles', 'interceptions', 'blocks', 'xg', 'npxg', 'xg_assist', 'sca', 'gca', 'passes_completed', 'passes', 'passes_pct', 'progressive_passes', 'carries', 'progressive_carries', 'take_ons', 'take_ons_won', 'match_report']
[2024-12-17T03:20:12.779+0000] {logging_mixin.py:149} INFO - Missing columns in william_saliba_match_logs_2023_2024.json: ['goals_against']
[2024-12-17T03:20:12.779+0000] {logging_mixin.py:149} INFO - No matches data to save.
[2024-12-17T03:20:12.779+0000] {logging_mixin.py:149} INFO - No player stats data to save.
[2024-12-17T03:20:12.779+0000] {logging_mixin.py:149} INFO - No goalkeeper stats data to save.
[2024-12-17T03:20:12.779+0000] {logging_mixin.py:149} INFO - ETL Arsenal Selesai. Data berhasil dimuat ke PostgreSQL.
[2024-12-17T03:20:12.780+0000] {python.py:183} INFO - Done. Returned value was: None
[2024-12-17T03:20:12.815+0000] {taskinstance.py:1345} INFO - Marking task as SUCCESS. dag_id=arsenal_mancity_etl, task_id=arsenal_etl_group.etl_arsenal_task, execution_date=20241217T032008, start_date=20241217T032011, end_date=20241217T032012
[2024-12-17T03:20:12.860+0000] {local_task_job_runner.py:225} INFO - Task exited with return code 0
[2024-12-17T03:20:12.895+0000] {taskinstance.py:2653} INFO - 0 downstream tasks scheduled from follow-on schedule check
